[ 2016-05-20T00:01:17+08:00 ] 127.0.0.1 /home/goods/checkOrder/order/34
INFO: [ app_init ] --START--
INFO: Run Common\Behavior\InitHook [ RunTime:0.002411s ]
INFO: [ app_init ] --END-- [ RunTime:0.002920s ]
INFO: [ app_begin ] --START--
INFO: Run Behavior\ReadHtmlCache [ RunTime:0.000651s ]
INFO: [ app_begin ] --END-- [ RunTime:0.000791s ]
SQL: SHOW COLUMNS FROM `zc_config` [ RunTime:0.005422s ]
SQL: SELECT `type`,`name`,`value` FROM `zc_config` WHERE ( `status` = 1 )  [ RunTime:0.000580s ]
SQL: SHOW COLUMNS FROM `zc_menus` [ RunTime:0.004120s ]
SQL: SELECT * FROM `zc_menus` ORDER BY pid asc, menu_order asc  [ RunTime:0.000554s ]
SQL: SHOW COLUMNS FROM `zc_order_goods` [ RunTime:0.005333s ]
SQL: SELECT `goods_id`,`goods_number` FROM `zc_order_goods` WHERE ( `order_id` = 34 )  [ RunTime:0.000400s ]
SQL: SHOW COLUMNS FROM `zc_users` [ RunTime:0.004875s ]
SQL: SELECT * FROM `zc_users` WHERE ( `user_id` = 10 ) LIMIT 1   [ RunTime:0.000450s ]
SQL: SHOW COLUMNS FROM `zc_region` [ RunTime:0.003737s ]
SQL: SELECT `region_type`,`region_id`,`region_name` FROM `zc_region` WHERE ( `region_id` IN ('12','167','1419') )  [ RunTime:0.000393s ]
SQL: SHOW COLUMNS FROM `zc_goods` [ RunTime:0.005325s ]
SQL: SELECT * FROM `zc_goods` WHERE ( `goods_id` IN (66) )  [ RunTime:0.000875s ]
SQL: SELECT zc_goods.goods_id,zc_goods.goods_name,zc_goods.goods_img,zc_order_goods.market_price,zc_order_goods.goods_price,zc_order_goods.goods_number FROM `zc_order_goods` INNER JOIN zc_goods on zc_order_goods.goods_id = zc_goods.goods_id  WHERE ( zc_order_goods.order_id = '34' )  [ RunTime:0.000306s ]
SQL: SELECT `region_name` FROM `zc_region` WHERE ( `parent_id` = 1 ) ORDER BY rand() LIMIT 1   [ RunTime:0.000583s ]
INFO: [ view_parse ] --START--
INFO: [ template_filter ] --START--
INFO: Run Behavior\ContentReplace [ RunTime:0.000120s ]
INFO: [ template_filter ] --END-- [ RunTime:0.000274s ]
INFO: Run Behavior\ParseTemplate [ RunTime:0.014578s ]
INFO: [ view_parse ] --END-- [ RunTime:0.014730s ]
INFO: [ view_filter ] --START--
INFO: Run Behavior\WriteHtmlCache [ RunTime:0.000489s ]
INFO: [ view_filter ] --END-- [ RunTime:0.000611s ]
INFO: [ app_end ] --START--
INFO: Run Behavior\ShowPageTrace [ RunTime:0.000724s ]
INFO: [ app_end ] --END-- [ RunTime:0.000852s ]

[ 2016-05-20T00:01:32+08:00 ] 127.0.0.1 /home/goods/checkOrder/order/34
INFO: [ app_init ] --START--
INFO: Run Common\Behavior\InitHook [ RunTime:0.003161s ]
INFO: [ app_init ] --END-- [ RunTime:0.003726s ]
INFO: [ app_begin ] --START--
INFO: Run Behavior\ReadHtmlCache [ RunTime:0.000713s ]
INFO: [ app_begin ] --END-- [ RunTime:0.000860s ]
SQL: SHOW COLUMNS FROM `zc_config` [ RunTime:0.004965s ]
SQL: SELECT `type`,`name`,`value` FROM `zc_config` WHERE ( `status` = 1 )  [ RunTime:0.000579s ]
SQL: SHOW COLUMNS FROM `zc_menus` [ RunTime:0.004774s ]
SQL: SELECT * FROM `zc_menus` ORDER BY pid asc, menu_order asc  [ RunTime:0.000501s ]
SQL: SHOW COLUMNS FROM `zc_order_goods` [ RunTime:0.004107s ]
SQL: SELECT `goods_id`,`goods_number` FROM `zc_order_goods` WHERE ( `order_id` = 34 )  [ RunTime:0.000304s ]
SQL: SHOW COLUMNS FROM `zc_users` [ RunTime:0.004398s ]
SQL: SELECT * FROM `zc_users` WHERE ( `user_id` = 10 ) LIMIT 1   [ RunTime:0.000460s ]
SQL: SHOW COLUMNS FROM `zc_region` [ RunTime:0.003900s ]
SQL: SELECT `region_type`,`region_id`,`region_name` FROM `zc_region` WHERE ( `region_id` IN ('12','167','1419') )  [ RunTime:0.000359s ]
SQL: SHOW COLUMNS FROM `zc_goods` [ RunTime:0.004566s ]
SQL: SELECT * FROM `zc_goods` WHERE ( `goods_id` IN (66) )  [ RunTime:0.000695s ]
SQL: SELECT zc_goods.goods_id,zc_goods.goods_name,zc_goods.goods_img,zc_order_goods.market_price,zc_order_goods.goods_price,zc_order_goods.goods_number FROM `zc_order_goods` INNER JOIN zc_goods on zc_order_goods.goods_id = zc_goods.goods_id  WHERE ( zc_order_goods.order_id = '34' )  [ RunTime:0.000308s ]
SQL: SELECT `region_name` FROM `zc_region` WHERE ( `parent_id` = 1 ) ORDER BY rand() LIMIT 1   [ RunTime:0.000542s ]
INFO: [ view_parse ] --START--
INFO: [ template_filter ] --START--
INFO: Run Behavior\ContentReplace [ RunTime:0.000106s ]
INFO: [ template_filter ] --END-- [ RunTime:0.000238s ]
INFO: Run Behavior\ParseTemplate [ RunTime:0.014339s ]
INFO: [ view_parse ] --END-- [ RunTime:0.014476s ]
INFO: [ view_filter ] --START--
INFO: Run Behavior\WriteHtmlCache [ RunTime:0.000473s ]
INFO: [ view_filter ] --END-- [ RunTime:0.000582s ]
INFO: [ app_end ] --START--
INFO: Run Behavior\ShowPageTrace [ RunTime:0.000681s ]
INFO: [ app_end ] --END-- [ RunTime:0.000799s ]

[ 2016-05-20T00:01:44+08:00 ] 127.0.0.1 /home/goods/checkOrder/order/34
INFO: [ app_init ] --START--
INFO: Run Common\Behavior\InitHook [ RunTime:0.002473s ]
INFO: [ app_init ] --END-- [ RunTime:0.002991s ]
INFO: [ app_begin ] --START--
INFO: Run Behavior\ReadHtmlCache [ RunTime:0.000680s ]
INFO: [ app_begin ] --END-- [ RunTime:0.000816s ]
SQL: SHOW COLUMNS FROM `zc_config` [ RunTime:0.005087s ]
SQL: SELECT `type`,`name`,`value` FROM `zc_config` WHERE ( `status` = 1 )  [ RunTime:0.000455s ]
SQL: SHOW COLUMNS FROM `zc_menus` [ RunTime:0.004221s ]
SQL: SELECT * FROM `zc_menus` ORDER BY pid asc, menu_order asc  [ RunTime:0.000507s ]
SQL: SHOW COLUMNS FROM `zc_order_goods` [ RunTime:0.004902s ]
SQL: SELECT `goods_id`,`goods_number` FROM `zc_order_goods` WHERE ( `order_id` = 34 )  [ RunTime:0.000680s ]
SQL: SHOW COLUMNS FROM `zc_users` [ RunTime:0.005837s ]
SQL: SELECT * FROM `zc_users` WHERE ( `user_id` = 10 ) LIMIT 1   [ RunTime:0.000427s ]
SQL: SHOW COLUMNS FROM `zc_region` [ RunTime:0.004518s ]
SQL: SELECT `region_type`,`region_id`,`region_name` FROM `zc_region` WHERE ( `region_id` IN ('12','167','1419') )  [ RunTime:0.000379s ]
SQL: SHOW COLUMNS FROM `zc_goods` [ RunTime:0.005805s ]
SQL: SELECT * FROM `zc_goods` WHERE ( `goods_id` IN (66) )  [ RunTime:0.000774s ]
SQL: SELECT zc_goods.goods_id,zc_goods.goods_name,zc_goods.goods_img,zc_order_goods.market_price,zc_order_goods.goods_price,zc_order_goods.goods_number FROM `zc_order_goods` INNER JOIN zc_goods on zc_order_goods.goods_id = zc_goods.goods_id  WHERE ( zc_order_goods.order_id = '34' )  [ RunTime:0.000343s ]
SQL: SELECT `region_name` FROM `zc_region` WHERE ( `parent_id` = 1 ) ORDER BY rand() LIMIT 1   [ RunTime:0.000606s ]
INFO: [ view_parse ] --START--
INFO: [ template_filter ] --START--
INFO: Run Behavior\ContentReplace [ RunTime:0.000123s ]
INFO: [ template_filter ] --END-- [ RunTime:0.000262s ]
INFO: Run Behavior\ParseTemplate [ RunTime:0.013697s ]
INFO: [ view_parse ] --END-- [ RunTime:0.013844s ]
INFO: [ view_filter ] --START--
INFO: Run Behavior\WriteHtmlCache [ RunTime:0.000492s ]
INFO: [ view_filter ] --END-- [ RunTime:0.000615s ]
INFO: [ app_end ] --START--
INFO: Run Behavior\ShowPageTrace [ RunTime:0.000692s ]
INFO: [ app_end ] --END-- [ RunTime:0.000816s ]

[ 2016-05-20T00:01:58+08:00 ] 127.0.0.1 /home/goods/checkOrder/order/34
INFO: [ app_init ] --START--
INFO: Run Common\Behavior\InitHook [ RunTime:0.001873s ]
INFO: [ app_init ] --END-- [ RunTime:0.002345s ]
INFO: [ app_begin ] --START--
INFO: Run Behavior\ReadHtmlCache [ RunTime:0.000590s ]
INFO: [ app_begin ] --END-- [ RunTime:0.000735s ]
SQL: SHOW COLUMNS FROM `zc_config` [ RunTime:0.005055s ]
SQL: SELECT `type`,`name`,`value` FROM `zc_config` WHERE ( `status` = 1 )  [ RunTime:0.000502s ]
SQL: SHOW COLUMNS FROM `zc_menus` [ RunTime:0.004790s ]
SQL: SELECT * FROM `zc_menus` ORDER BY pid asc, menu_order asc  [ RunTime:0.000548s ]
SQL: SHOW COLUMNS FROM `zc_order_goods` [ RunTime:0.004856s ]
SQL: SELECT `goods_id`,`goods_number` FROM `zc_order_goods` WHERE ( `order_id` = 34 )  [ RunTime:0.000344s ]
SQL: SHOW COLUMNS FROM `zc_users` [ RunTime:0.004750s ]
SQL: SELECT * FROM `zc_users` WHERE ( `user_id` = 10 ) LIMIT 1   [ RunTime:0.000430s ]
SQL: SHOW COLUMNS FROM `zc_region` [ RunTime:0.005689s ]
SQL: SELECT `region_type`,`region_id`,`region_name` FROM `zc_region` WHERE ( `region_id` IN ('12','167','1419') )  [ RunTime:0.000420s ]
SQL: SHOW COLUMNS FROM `zc_goods` [ RunTime:0.005607s ]
SQL: SELECT * FROM `zc_goods` WHERE ( `goods_id` IN (66) )  [ RunTime:0.000697s ]
SQL: SELECT zc_goods.goods_id,zc_goods.goods_name,zc_goods.goods_img,zc_order_goods.market_price,zc_order_goods.goods_price,zc_order_goods.goods_number FROM `zc_order_goods` INNER JOIN zc_goods on zc_order_goods.goods_id = zc_goods.goods_id  WHERE ( zc_order_goods.order_id = '34' )  [ RunTime:0.000311s ]
SQL: SELECT `region_name` FROM `zc_region` WHERE ( `parent_id` = 1 ) ORDER BY rand() LIMIT 1   [ RunTime:0.000633s ]
INFO: [ view_parse ] --START--
INFO: [ template_filter ] --START--
INFO: Run Behavior\ContentReplace [ RunTime:0.000107s ]
INFO: [ template_filter ] --END-- [ RunTime:0.000238s ]
INFO: Run Behavior\ParseTemplate [ RunTime:0.012721s ]
INFO: [ view_parse ] --END-- [ RunTime:0.012858s ]
INFO: [ view_filter ] --START--
INFO: Run Behavior\WriteHtmlCache [ RunTime:0.000380s ]
INFO: [ view_filter ] --END-- [ RunTime:0.000512s ]
INFO: [ app_end ] --START--
INFO: Run Behavior\ShowPageTrace [ RunTime:0.000716s ]
INFO: [ app_end ] --END-- [ RunTime:0.000880s ]

[ 2016-05-20T00:02:21+08:00 ] 127.0.0.1 /home/goods/checkOrder/order/34
INFO: [ app_init ] --START--
INFO: Run Common\Behavior\InitHook [ RunTime:0.001934s ]
INFO: [ app_init ] --END-- [ RunTime:0.002404s ]
INFO: [ app_begin ] --START--
INFO: Run Behavior\ReadHtmlCache [ RunTime:0.000717s ]
INFO: [ app_begin ] --END-- [ RunTime:0.000883s ]
SQL: SHOW COLUMNS FROM `zc_config` [ RunTime:0.004353s ]
SQL: SELECT `type`,`name`,`value` FROM `zc_config` WHERE ( `status` = 1 )  [ RunTime:0.000524s ]
SQL: SHOW COLUMNS FROM `zc_menus` [ RunTime:0.004572s ]
SQL: SELECT * FROM `zc_menus` ORDER BY pid asc, menu_order asc  [ RunTime:0.000925s ]
SQL: SHOW COLUMNS FROM `zc_order_goods` [ RunTime:0.004506s ]
SQL: SELECT `goods_id`,`goods_number` FROM `zc_order_goods` WHERE ( `order_id` = 34 )  [ RunTime:0.000319s ]
SQL: SHOW COLUMNS FROM `zc_users` [ RunTime:0.004365s ]
SQL: SELECT * FROM `zc_users` WHERE ( `user_id` = 10 ) LIMIT 1   [ RunTime:0.000456s ]
SQL: SHOW COLUMNS FROM `zc_region` [ RunTime:0.003887s ]
SQL: SELECT `region_type`,`region_id`,`region_name` FROM `zc_region` WHERE ( `region_id` IN ('12','167','1419') )  [ RunTime:0.000356s ]
SQL: SHOW COLUMNS FROM `zc_goods` [ RunTime:0.004585s ]
SQL: SELECT * FROM `zc_goods` WHERE ( `goods_id` IN (66) )  [ RunTime:0.000678s ]
SQL: SELECT zc_goods.goods_id,zc_goods.goods_name,zc_goods.goods_img,zc_order_goods.market_price,zc_order_goods.goods_price,zc_order_goods.goods_number FROM `zc_order_goods` INNER JOIN zc_goods on zc_order_goods.goods_id = zc_goods.goods_id  WHERE ( zc_order_goods.order_id = '34' )  [ RunTime:0.000305s ]
SQL: SELECT `region_name` FROM `zc_region` WHERE ( `parent_id` = 1 ) ORDER BY rand() LIMIT 1   [ RunTime:0.000539s ]
INFO: [ view_parse ] --START--
INFO: [ template_filter ] --START--
INFO: Run Behavior\ContentReplace [ RunTime:0.000126s ]
INFO: [ template_filter ] --END-- [ RunTime:0.000271s ]
INFO: Run Behavior\ParseTemplate [ RunTime:0.013458s ]
INFO: [ view_parse ] --END-- [ RunTime:0.013596s ]
INFO: [ view_filter ] --START--
INFO: Run Behavior\WriteHtmlCache [ RunTime:0.000367s ]
INFO: [ view_filter ] --END-- [ RunTime:0.000482s ]
INFO: [ app_end ] --START--
INFO: Run Behavior\ShowPageTrace [ RunTime:0.000781s ]
INFO: [ app_end ] --END-- [ RunTime:0.000942s ]

[ 2016-05-20T00:03:55+08:00 ] 127.0.0.1 /home/user/personal.html
INFO: [ app_init ] --START--
INFO: Run Common\Behavior\InitHook [ RunTime:0.003221s ]
INFO: [ app_init ] --END-- [ RunTime:0.003774s ]
INFO: [ app_begin ] --START--
INFO: Run Behavior\ReadHtmlCache [ RunTime:0.000800s ]
INFO: [ app_begin ] --END-- [ RunTime:0.000967s ]
SQL: SHOW COLUMNS FROM `zc_config` [ RunTime:0.005779s ]
SQL: SELECT `type`,`name`,`value` FROM `zc_config` WHERE ( `status` = 1 )  [ RunTime:0.001278s ]
SQL: SHOW COLUMNS FROM `zc_menus` [ RunTime:0.005150s ]
SQL: SELECT * FROM `zc_menus` ORDER BY pid asc, menu_order asc  [ RunTime:0.000689s ]
SQL: SHOW COLUMNS FROM `zc_users` [ RunTime:0.005952s ]
SQL: SELECT * FROM `zc_users` WHERE ( `user_id` = 10 ) LIMIT 1   [ RunTime:0.001064s ]
SQL: SHOW COLUMNS FROM `zc_order_info` [ RunTime:0.007950s ]
SQL: SELECT * FROM `zc_order_info` INNER JOIN zc_order_goods on zc_order_info.order_id = zc_order_goods.order_id INNER JOIN zc_goods on zc_order_goods.goods_id = zc_goods.goods_id INNER JOIN zc_users on zc_order_info.user_id = zc_users.user_id  ORDER BY zc_order_info.add_time desc, zc_order_info.order_id desc  [ RunTime:0.003794s ]
SQL: SHOW COLUMNS FROM `zc_region` [ RunTime:0.005989s ]
SQL: SELECT * FROM `zc_region` WHERE ( `region_type` = 1 )  [ RunTime:0.000548s ]
SQL: SELECT * FROM `zc_region` WHERE ( `parent_id` = 2 )  [ RunTime:0.000271s ]
SQL: SELECT * FROM `zc_region` WHERE ( `parent_id` = 52 )  [ RunTime:0.000550s ]
INFO: [ view_parse ] --START--
INFO: [ template_filter ] --START--
INFO: Run Behavior\ContentReplace [ RunTime:0.000195s ]
INFO: [ template_filter ] --END-- [ RunTime:0.000337s ]
INFO: Run Behavior\ParseTemplate [ RunTime:0.024503s ]
INFO: [ view_parse ] --END-- [ RunTime:0.024658s ]
INFO: [ view_filter ] --START--
INFO: Run Behavior\WriteHtmlCache [ RunTime:0.000464s ]
INFO: [ view_filter ] --END-- [ RunTime:0.000582s ]
INFO: [ app_end ] --START--
INFO: Run Behavior\ShowPageTrace [ RunTime:0.000682s ]
INFO: [ app_end ] --END-- [ RunTime:0.000801s ]

[ 2016-05-20T00:03:55+08:00 ] 127.0.0.1 /home/user/[
INFO: [ app_init ] --START--
INFO: Run Common\Behavior\InitHook [ RunTime:0.002051s ]
INFO: [ app_init ] --END-- [ RunTime:0.002534s ]
INFO: [ app_begin ] --START--
INFO: Run Behavior\ReadHtmlCache [ RunTime:0.000800s ]
INFO: [ app_begin ] --END-- [ RunTime:0.001046s ]
SQL: SHOW COLUMNS FROM `zc_config` [ RunTime:0.005721s ]
SQL: SELECT `type`,`name`,`value` FROM `zc_config` WHERE ( `status` = 1 )  [ RunTime:0.000514s ]
SQL: SHOW COLUMNS FROM `zc_menus` [ RunTime:0.006051s ]
SQL: SELECT * FROM `zc_menus` ORDER BY pid asc, menu_order asc  [ RunTime:0.000644s ]

[ 2016-05-20T00:03:55+08:00 ] 127.0.0.1 /Home/Index/index.html
INFO: [ app_init ] --START--
INFO: Run Common\Behavior\InitHook [ RunTime:0.002681s ]
INFO: [ app_init ] --END-- [ RunTime:0.003278s ]
INFO: [ app_begin ] --START--
INFO: Run Behavior\ReadHtmlCache [ RunTime:0.000575s ]
INFO: [ app_begin ] --END-- [ RunTime:0.000721s ]
SQL: SHOW COLUMNS FROM `zc_config` [ RunTime:0.004432s ]
SQL: SELECT `type`,`name`,`value` FROM `zc_config` WHERE ( `status` = 1 )  [ RunTime:0.000604s ]
SQL: SHOW COLUMNS FROM `zc_menus` [ RunTime:0.006216s ]
SQL: SELECT * FROM `zc_menus` ORDER BY pid asc, menu_order asc  [ RunTime:0.000484s ]
SQL: SHOW COLUMNS FROM `zc_banner` [ RunTime:0.004597s ]
SQL: SELECT `id`,`link`,`title`,`image` FROM `zc_banner` ORDER BY featured desc, created_time desc LIMIT 4   [ RunTime:0.000330s ]
SQL: SHOW COLUMNS FROM `zc_goods` [ RunTime:0.005305s ]
SQL: SELECT `goods_id`,`goods_name`,`shop_price`,`goods_img` FROM `zc_goods` ORDER BY add_time desc, goods_id desc LIMIT 4   [ RunTime:0.000561s ]
SQL: SELECT `goods_id`,`goods_name`,`shop_price`,`goods_img` FROM `zc_goods` ORDER BY is_promote desc, add_time desc LIMIT 4   [ RunTime:0.000435s ]
SQL: SHOW COLUMNS FROM `zc_order_goods` [ RunTime:0.004422s ]
SQL: select goods_id, count(*) as cou from zc_order_goods GROUP BY goods_id ORDER BY cou desc limit 4 [ RunTime:0.000307s ]
SQL: SELECT `goods_id`,`goods_name`,`shop_price`,`goods_img` FROM `zc_goods` WHERE ( `goods_id` IN (66) ) ORDER BY is_promote desc, add_time desc  [ RunTime:0.000291s ]
SQL: SHOW COLUMNS FROM `zc_brand` [ RunTime:0.005376s ]
SQL: SELECT `brand_id`,`brand_name`,`brand_logo` FROM `zc_brand` WHERE ( `is_show` = 1 ) ORDER BY sort_order asc LIMIT 6   [ RunTime:0.000486s ]
INFO: [ view_parse ] --START--
INFO: [ template_filter ] --START--
INFO: Run Behavior\ContentReplace [ RunTime:0.000243s ]
INFO: [ template_filter ] --END-- [ RunTime:0.000374s ]
NOTIC: [8] Undefined index: child D:\wamp\www\zczc\Runtime\Cache\Home\769e70f2e46f34ceb60619bbda5e4691.php 第 118 行.
NOTIC: [8] Undefined index: child D:\wamp\www\zczc\Runtime\Cache\Home\769e70f2e46f34ceb60619bbda5e4691.php 第 118 行.
INFO: Run Behavior\ParseTemplate [ RunTime:0.034118s ]
INFO: [ view_parse ] --END-- [ RunTime:0.034245s ]
INFO: [ view_filter ] --START--
INFO: Run Behavior\WriteHtmlCache [ RunTime:0.000345s ]
INFO: [ view_filter ] --END-- [ RunTime:0.000451s ]
INFO: [ app_end ] --START--
INFO: Run Behavior\ShowPageTrace [ RunTime:0.000582s ]
INFO: [ app_end ] --END-- [ RunTime:0.000695s ]

[ 2016-05-20T00:05:34+08:00 ] 127.0.0.1 /home/user/personal.html
INFO: [ app_init ] --START--
INFO: Run Common\Behavior\InitHook [ RunTime:0.002069s ]
INFO: [ app_init ] --END-- [ RunTime:0.002575s ]
INFO: [ app_begin ] --START--
INFO: Run Behavior\ReadHtmlCache [ RunTime:0.000586s ]
INFO: [ app_begin ] --END-- [ RunTime:0.000733s ]
SQL: SHOW COLUMNS FROM `zc_config` [ RunTime:0.004542s ]
SQL: SELECT `type`,`name`,`value` FROM `zc_config` WHERE ( `status` = 1 )  [ RunTime:0.000551s ]
SQL: SHOW COLUMNS FROM `zc_menus` [ RunTime:0.004224s ]
SQL: SELECT * FROM `zc_menus` ORDER BY pid asc, menu_order asc  [ RunTime:0.000556s ]
SQL: SHOW COLUMNS FROM `zc_users` [ RunTime:0.004735s ]
SQL: SELECT * FROM `zc_users` WHERE ( `user_id` = 10 ) LIMIT 1   [ RunTime:0.000427s ]
SQL: SHOW COLUMNS FROM `zc_order_info` [ RunTime:0.004849s ]
SQL: SELECT * FROM `zc_order_info` INNER JOIN zc_order_goods on zc_order_info.order_id = zc_order_goods.order_id INNER JOIN zc_goods on zc_order_goods.goods_id = zc_goods.goods_id INNER JOIN zc_users on zc_order_info.user_id = zc_users.user_id  ORDER BY zc_order_info.add_time desc, zc_order_info.order_id desc  [ RunTime:0.001040s ]
SQL: SHOW COLUMNS FROM `zc_region` [ RunTime:0.003921s ]
SQL: SELECT * FROM `zc_region` WHERE ( `region_type` = 1 )  [ RunTime:0.000707s ]
SQL: SELECT * FROM `zc_region` WHERE ( `parent_id` = 2 )  [ RunTime:0.000315s ]
SQL: SELECT * FROM `zc_region` WHERE ( `parent_id` = 52 )  [ RunTime:0.000445s ]
INFO: [ view_parse ] --START--
INFO: [ template_filter ] --START--
INFO: Run Behavior\ContentReplace [ RunTime:0.000211s ]
INFO: [ template_filter ] --END-- [ RunTime:0.000357s ]
INFO: Run Behavior\ParseTemplate [ RunTime:0.022813s ]
INFO: [ view_parse ] --END-- [ RunTime:0.022966s ]
INFO: [ view_filter ] --START--
INFO: Run Behavior\WriteHtmlCache [ RunTime:0.000347s ]
INFO: [ view_filter ] --END-- [ RunTime:0.000457s ]
INFO: [ app_end ] --START--
INFO: Run Behavior\ShowPageTrace [ RunTime:0.000558s ]
INFO: [ app_end ] --END-- [ RunTime:0.000685s ]

[ 2016-05-20T00:14:06+08:00 ] 127.0.0.1 /home/user/changeRegion
INFO: [ app_init ] --START--
INFO: Run Common\Behavior\InitHook [ RunTime:0.002683s ]
INFO: [ app_init ] --END-- [ RunTime:0.003215s ]
INFO: [ app_begin ] --START--
INFO: Run Behavior\ReadHtmlCache [ RunTime:0.000754s ]
INFO: [ app_begin ] --END-- [ RunTime:0.000934s ]
SQL: SHOW COLUMNS FROM `zc_config` [ RunTime:0.004210s ]
SQL: SELECT `type`,`name`,`value` FROM `zc_config` WHERE ( `status` = 1 )  [ RunTime:0.000471s ]
SQL: SHOW COLUMNS FROM `zc_menus` [ RunTime:0.004204s ]
SQL: SELECT * FROM `zc_menus` ORDER BY pid asc, menu_order asc  [ RunTime:0.000651s ]
SQL: SHOW COLUMNS FROM `zc_region` [ RunTime:0.004413s ]
SQL: SELECT * FROM `zc_region` WHERE ( `parent_id` = 12 )  [ RunTime:0.000552s ]

[ 2016-05-20T00:14:06+08:00 ] 127.0.0.1 /home/user/changeRegion
INFO: [ app_init ] --START--
INFO: Run Common\Behavior\InitHook [ RunTime:0.001755s ]
INFO: [ app_init ] --END-- [ RunTime:0.002184s ]
INFO: [ app_begin ] --START--
INFO: Run Behavior\ReadHtmlCache [ RunTime:0.000550s ]
INFO: [ app_begin ] --END-- [ RunTime:0.000672s ]
SQL: SHOW COLUMNS FROM `zc_config` [ RunTime:0.005078s ]
SQL: SELECT `type`,`name`,`value` FROM `zc_config` WHERE ( `status` = 1 )  [ RunTime:0.000429s ]
SQL: SHOW COLUMNS FROM `zc_menus` [ RunTime:0.004041s ]
SQL: SELECT * FROM `zc_menus` ORDER BY pid asc, menu_order asc  [ RunTime:0.000688s ]
SQL: SHOW COLUMNS FROM `zc_region` [ RunTime:0.004106s ]
SQL: SELECT * FROM `zc_region` WHERE ( `parent_id` = 167 )  [ RunTime:0.000482s ]

[ 2016-05-20T00:26:06+08:00 ] 127.0.0.1 /home/goods/checkall
INFO: [ app_init ] --START--
INFO: Run Common\Behavior\InitHook [ RunTime:0.002471s ]
INFO: [ app_init ] --END-- [ RunTime:0.003019s ]
INFO: [ app_begin ] --START--
INFO: Run Behavior\ReadHtmlCache [ RunTime:0.000836s ]
INFO: [ app_begin ] --END-- [ RunTime:0.001086s ]
SQL: SHOW COLUMNS FROM `zc_config` [ RunTime:0.004589s ]
SQL: SELECT `type`,`name`,`value` FROM `zc_config` WHERE ( `status` = 1 )  [ RunTime:0.000493s ]
SQL: SHOW COLUMNS FROM `zc_menus` [ RunTime:0.003890s ]
SQL: SELECT * FROM `zc_menus` ORDER BY pid asc, menu_order asc  [ RunTime:0.000506s ]
SQL: SHOW COLUMNS FROM `zc_users` [ RunTime:0.004263s ]
SQL: SELECT * FROM `zc_users` WHERE ( `user_id` = 10 ) LIMIT 1   [ RunTime:0.000388s ]
SQL: SHOW COLUMNS FROM `zc_order_info` [ RunTime:0.004322s ]
SQL: SELECT * FROM `zc_order_info` WHERE ( `user_id` = 10 ) AND ( `order_id` = 34 )  [ RunTime:0.000389s ]
SQL: SHOW COLUMNS FROM `zc_order_goods` [ RunTime:0.003978s ]
SQL: SELECT * FROM `zc_order_goods` INNER JOIN zc_goods on zc_goods.goods_id = zc_order_goods.goods_id  WHERE ( `order_id` = '34' )  [ RunTime:0.000758s ]
SQL: UPDATE `zc_order_info` SET `order_status`=1 WHERE ( `order_id` = 34 ) [ RunTime:0.037801s ]
SQL: UPDATE `zc_order_goods` SET `order_status`=1 WHERE ( `order_id` = 34 ) [ RunTime:0.000533s ]
SQL: SHOW COLUMNS FROM `zc_cart` [ RunTime:0.004975s ]
SQL: DELETE FROM `zc_cart` WHERE ( `goods_id` = 66 ) [ RunTime:0.005261s ]

[ 2016-05-20T00:26:16+08:00 ] 127.0.0.1 /
INFO: [ app_init ] --START--
INFO: Run Common\Behavior\InitHook [ RunTime:0.003145s ]
INFO: [ app_init ] --END-- [ RunTime:0.003661s ]
INFO: [ app_begin ] --START--
INFO: Run Behavior\ReadHtmlCache [ RunTime:0.000912s ]
INFO: [ app_begin ] --END-- [ RunTime:0.001059s ]
SQL: SHOW COLUMNS FROM `zc_config` [ RunTime:0.004140s ]
SQL: SELECT `type`,`name`,`value` FROM `zc_config` WHERE ( `status` = 1 )  [ RunTime:0.000481s ]
SQL: SHOW COLUMNS FROM `zc_menus` [ RunTime:0.004032s ]
SQL: SELECT * FROM `zc_menus` ORDER BY pid asc, menu_order asc  [ RunTime:0.000572s ]
SQL: SHOW COLUMNS FROM `zc_banner` [ RunTime:0.004273s ]
SQL: SELECT `id`,`link`,`title`,`image` FROM `zc_banner` ORDER BY featured desc, created_time desc LIMIT 4   [ RunTime:0.000427s ]
SQL: SHOW COLUMNS FROM `zc_goods` [ RunTime:0.005016s ]
SQL: SELECT `goods_id`,`goods_name`,`shop_price`,`goods_img` FROM `zc_goods` ORDER BY add_time desc, goods_id desc LIMIT 4   [ RunTime:0.000457s ]
SQL: SELECT `goods_id`,`goods_name`,`shop_price`,`goods_img` FROM `zc_goods` ORDER BY is_promote desc, add_time desc LIMIT 4   [ RunTime:0.000356s ]
SQL: SHOW COLUMNS FROM `zc_order_goods` [ RunTime:0.004365s ]
SQL: select goods_id, count(*) as cou from zc_order_goods GROUP BY goods_id ORDER BY cou desc limit 4 [ RunTime:0.000291s ]
SQL: SELECT `goods_id`,`goods_name`,`shop_price`,`goods_img` FROM `zc_goods` WHERE ( `goods_id` IN (66) ) ORDER BY is_promote desc, add_time desc  [ RunTime:0.000315s ]
SQL: SHOW COLUMNS FROM `zc_brand` [ RunTime:0.004465s ]
SQL: SELECT `brand_id`,`brand_name`,`brand_logo` FROM `zc_brand` WHERE ( `is_show` = 1 ) ORDER BY sort_order asc LIMIT 6   [ RunTime:0.000465s ]
INFO: [ view_parse ] --START--
INFO: [ template_filter ] --START--
INFO: Run Behavior\ContentReplace [ RunTime:0.000358s ]
INFO: [ template_filter ] --END-- [ RunTime:0.000502s ]
NOTIC: [8] Undefined index: child D:\wamp\www\zczc\Runtime\Cache\Home\769e70f2e46f34ceb60619bbda5e4691.php 第 118 行.
NOTIC: [8] Undefined index: child D:\wamp\www\zczc\Runtime\Cache\Home\769e70f2e46f34ceb60619bbda5e4691.php 第 118 行.
INFO: Run Behavior\ParseTemplate [ RunTime:0.034921s ]
INFO: [ view_parse ] --END-- [ RunTime:0.035047s ]
INFO: [ view_filter ] --START--
INFO: Run Behavior\WriteHtmlCache [ RunTime:0.000635s ]
INFO: [ view_filter ] --END-- [ RunTime:0.000741s ]
INFO: [ app_end ] --START--
INFO: Run Behavior\ShowPageTrace [ RunTime:0.000820s ]
INFO: [ app_end ] --END-- [ RunTime:0.000932s ]

[ 2016-05-20T00:26:19+08:00 ] 127.0.0.1 /home/user/myorder
INFO: [ app_init ] --START--
INFO: Run Common\Behavior\InitHook [ RunTime:0.003550s ]
INFO: [ app_init ] --END-- [ RunTime:0.004111s ]
INFO: [ app_begin ] --START--
INFO: Run Behavior\ReadHtmlCache [ RunTime:0.000838s ]
INFO: [ app_begin ] --END-- [ RunTime:0.000992s ]
SQL: SHOW COLUMNS FROM `zc_config` [ RunTime:0.005579s ]
SQL: SELECT `type`,`name`,`value` FROM `zc_config` WHERE ( `status` = 1 )  [ RunTime:0.000557s ]
SQL: SHOW COLUMNS FROM `zc_menus` [ RunTime:0.004019s ]
SQL: SELECT * FROM `zc_menus` ORDER BY pid asc, menu_order asc  [ RunTime:0.000504s ]
SQL: SHOW COLUMNS FROM `zc_order_info` [ RunTime:0.004336s ]
SQL: SELECT zc_goods.goods_name,zc_goods.goods_id,zc_order_info.order_id,zc_order_goods.goods_number,zc_goods.goods_img,zc_goods.promote_price,zc_order_goods.order_status,zc_order_info.add_time FROM `zc_order_info` INNER JOIN zc_order_goods on zc_order_info.order_id = zc_order_goods.order_id INNER JOIN zc_goods on zc_order_goods.goods_id = zc_goods.goods_id INNER JOIN zc_users on zc_order_info.user_id = zc_users.user_id  WHERE ( zc_order_info.user_id = '10' ) ORDER BY zc_order_info.add_time desc, zc_order_info.order_id desc  [ RunTime:0.001051s ]
INFO: [ view_parse ] --START--
INFO: [ template_filter ] --START--
INFO: Run Behavior\ContentReplace [ RunTime:0.000213s ]
INFO: [ template_filter ] --END-- [ RunTime:0.000351s ]
NOTIC: [8] Undefined index: child D:\wamp\www\zczc\Runtime\Cache\Home\2647398f96e8053ded5bb4888c70af3d.php 第 118 行.
NOTIC: [8] Undefined index: child D:\wamp\www\zczc\Runtime\Cache\Home\2647398f96e8053ded5bb4888c70af3d.php 第 118 行.
INFO: Run Behavior\ParseTemplate [ RunTime:0.031219s ]
INFO: [ view_parse ] --END-- [ RunTime:0.031366s ]
INFO: [ view_filter ] --START--
INFO: Run Behavior\WriteHtmlCache [ RunTime:0.000942s ]
INFO: [ view_filter ] --END-- [ RunTime:0.001074s ]
INFO: [ app_end ] --START--
INFO: Run Behavior\ShowPageTrace [ RunTime:0.001183s ]
INFO: [ app_end ] --END-- [ RunTime:0.001309s ]

[ 2016-05-20T00:35:32+08:00 ] 127.0.0.1 /home/goods/confirmOrder
INFO: [ app_init ] --START--
INFO: Run Common\Behavior\InitHook [ RunTime:0.002799s ]
INFO: [ app_init ] --END-- [ RunTime:0.003318s ]
INFO: [ app_begin ] --START--
INFO: Run Behavior\ReadHtmlCache [ RunTime:0.000741s ]
INFO: [ app_begin ] --END-- [ RunTime:0.000861s ]
SQL: SHOW COLUMNS FROM `zc_config` [ RunTime:0.004482s ]
SQL: SELECT `type`,`name`,`value` FROM `zc_config` WHERE ( `status` = 1 )  [ RunTime:0.000473s ]
SQL: SHOW COLUMNS FROM `zc_menus` [ RunTime:0.003982s ]
SQL: SELECT * FROM `zc_menus` ORDER BY pid asc, menu_order asc  [ RunTime:0.000508s ]
SQL: SHOW COLUMNS FROM `zc_order_info` [ RunTime:0.004924s ]
SQL: UPDATE `zc_order_info` SET `order_status`=2 WHERE ( `order_id` = 34 ) [ RunTime:0.000383s ]
SQL: SHOW COLUMNS FROM `zc_order_goods` [ RunTime:0.004517s ]
SQL: UPDATE `zc_order_goods` SET `order_status`=2 WHERE ( `order_id` = 34 ) [ RunTime:0.000355s ]

[ 2016-05-20T00:35:33+08:00 ] 127.0.0.1 /home/user/myorder
INFO: [ app_init ] --START--
INFO: Run Common\Behavior\InitHook [ RunTime:0.003098s ]
INFO: [ app_init ] --END-- [ RunTime:0.003663s ]
INFO: [ app_begin ] --START--
INFO: Run Behavior\ReadHtmlCache [ RunTime:0.001105s ]
INFO: [ app_begin ] --END-- [ RunTime:0.001340s ]
SQL: SHOW COLUMNS FROM `zc_config` [ RunTime:0.006641s ]
SQL: SELECT `type`,`name`,`value` FROM `zc_config` WHERE ( `status` = 1 )  [ RunTime:0.000478s ]
SQL: SHOW COLUMNS FROM `zc_menus` [ RunTime:0.004245s ]
SQL: SELECT * FROM `zc_menus` ORDER BY pid asc, menu_order asc  [ RunTime:0.000571s ]
SQL: SHOW COLUMNS FROM `zc_order_info` [ RunTime:0.008007s ]
SQL: SELECT zc_goods.goods_name,zc_goods.goods_id,zc_order_info.order_id,zc_order_goods.goods_number,zc_goods.goods_img,zc_goods.promote_price,zc_order_goods.order_status,zc_order_info.add_time FROM `zc_order_info` INNER JOIN zc_order_goods on zc_order_info.order_id = zc_order_goods.order_id INNER JOIN zc_goods on zc_order_goods.goods_id = zc_goods.goods_id INNER JOIN zc_users on zc_order_info.user_id = zc_users.user_id  WHERE ( zc_order_info.user_id = '10' ) ORDER BY zc_order_info.add_time desc, zc_order_info.order_id desc  [ RunTime:0.002166s ]
INFO: [ view_parse ] --START--
INFO: [ template_filter ] --START--
INFO: Run Behavior\ContentReplace [ RunTime:0.000231s ]
INFO: [ template_filter ] --END-- [ RunTime:0.000383s ]
NOTIC: [8] Undefined index: child D:\wamp\www\zczc\Runtime\Cache\Home\2647398f96e8053ded5bb4888c70af3d.php 第 118 行.
NOTIC: [8] Undefined index: child D:\wamp\www\zczc\Runtime\Cache\Home\2647398f96e8053ded5bb4888c70af3d.php 第 118 行.
INFO: Run Behavior\ParseTemplate [ RunTime:0.030640s ]
INFO: [ view_parse ] --END-- [ RunTime:0.030778s ]
INFO: [ view_filter ] --START--
INFO: Run Behavior\WriteHtmlCache [ RunTime:0.000549s ]
INFO: [ view_filter ] --END-- [ RunTime:0.000668s ]
INFO: [ app_end ] --START--
INFO: Run Behavior\ShowPageTrace [ RunTime:0.000755s ]
INFO: [ app_end ] --END-- [ RunTime:0.000873s ]

[ 2016-05-20T22:48:43+08:00 ] 127.0.0.1 /home/index
INFO: [ app_init ] --START--
INFO: Run Common\Behavior\InitHook [ RunTime:0.028641s ]
INFO: [ app_init ] --END-- [ RunTime:0.047578s ]
INFO: [ app_begin ] --START--
INFO: Run Behavior\ReadHtmlCache [ RunTime:0.001276s ]
INFO: [ app_begin ] --END-- [ RunTime:0.001431s ]
SQL: SHOW COLUMNS FROM `zc_config` [ RunTime:0.105131s ]
SQL: SELECT `type`,`name`,`value` FROM `zc_config` WHERE ( `status` = 1 )  [ RunTime:0.033507s ]
SQL: SHOW COLUMNS FROM `zc_menus` [ RunTime:0.151166s ]
SQL: SELECT * FROM `zc_menus` ORDER BY pid asc, menu_order asc  [ RunTime:0.065394s ]
SQL: SHOW COLUMNS FROM `zc_banner` [ RunTime:0.041580s ]
SQL: SELECT `id`,`link`,`title`,`image` FROM `zc_banner` ORDER BY featured desc, created_time desc LIMIT 4   [ RunTime:0.000431s ]
SQL: SHOW COLUMNS FROM `zc_goods` [ RunTime:0.027370s ]
SQL: SELECT `goods_id`,`goods_name`,`shop_price`,`goods_img` FROM `zc_goods` ORDER BY add_time desc, goods_id desc LIMIT 4   [ RunTime:0.072904s ]
SQL: SELECT `goods_id`,`goods_name`,`shop_price`,`goods_img` FROM `zc_goods` ORDER BY is_promote desc, add_time desc LIMIT 4   [ RunTime:0.000643s ]
SQL: SHOW COLUMNS FROM `zc_order_goods` [ RunTime:0.052188s ]
SQL: select goods_id, count(*) as cou from zc_order_goods GROUP BY goods_id ORDER BY cou desc limit 4 [ RunTime:0.037720s ]
SQL: SELECT `goods_id`,`goods_name`,`shop_price`,`goods_img` FROM `zc_goods` WHERE ( `goods_id` IN (66) ) ORDER BY is_promote desc, add_time desc  [ RunTime:0.031889s ]
SQL: SHOW COLUMNS FROM `zc_brand` [ RunTime:0.033529s ]
SQL: SELECT `brand_id`,`brand_name`,`brand_logo` FROM `zc_brand` WHERE ( `is_show` = 1 ) ORDER BY sort_order asc LIMIT 6   [ RunTime:0.010890s ]
INFO: [ view_parse ] --START--
INFO: [ template_filter ] --START--
INFO: Run Behavior\ContentReplace [ RunTime:0.000234s ]
INFO: [ template_filter ] --END-- [ RunTime:0.000460s ]
NOTIC: [8] Undefined index: child D:\wamp\www\zczc\Runtime\Cache\Home\769e70f2e46f34ceb60619bbda5e4691.php 第 118 行.
NOTIC: [8] Undefined index: child D:\wamp\www\zczc\Runtime\Cache\Home\769e70f2e46f34ceb60619bbda5e4691.php 第 118 行.
INFO: Run Behavior\ParseTemplate [ RunTime:0.189676s ]
INFO: [ view_parse ] --END-- [ RunTime:0.189821s ]
INFO: [ view_filter ] --START--
INFO: Run Behavior\WriteHtmlCache [ RunTime:0.005981s ]
INFO: [ view_filter ] --END-- [ RunTime:0.006452s ]
INFO: [ app_end ] --START--
INFO: Run Behavior\ShowPageTrace [ RunTime:0.010290s ]
INFO: [ app_end ] --END-- [ RunTime:0.010464s ]

[ 2016-05-20T23:08:07+08:00 ] 127.0.0.1 /home/index
INFO: [ app_init ] --START--
INFO: Run Common\Behavior\InitHook [ RunTime:0.002367s ]
INFO: [ app_init ] --END-- [ RunTime:0.002874s ]
INFO: [ app_begin ] --START--
INFO: Run Behavior\ReadHtmlCache [ RunTime:0.000777s ]
INFO: [ app_begin ] --END-- [ RunTime:0.000940s ]
SQL: SHOW COLUMNS FROM `zc_config` [ RunTime:0.006242s ]
SQL: SELECT `type`,`name`,`value` FROM `zc_config` WHERE ( `status` = 1 )  [ RunTime:0.000515s ]
SQL: SHOW COLUMNS FROM `zc_menus` [ RunTime:0.004750s ]
SQL: SELECT * FROM `zc_menus` ORDER BY pid asc, menu_order asc  [ RunTime:0.000507s ]
SQL: SHOW COLUMNS FROM `zc_banner` [ RunTime:0.004967s ]
SQL: SELECT `id`,`link`,`title`,`image` FROM `zc_banner` ORDER BY featured desc, created_time desc LIMIT 4   [ RunTime:0.000465s ]
SQL: SHOW COLUMNS FROM `zc_goods` [ RunTime:0.006367s ]
SQL: SELECT `goods_id`,`goods_name`,`shop_price`,`goods_img` FROM `zc_goods` ORDER BY add_time desc, goods_id desc LIMIT 4   [ RunTime:0.000460s ]
SQL: SELECT `goods_id`,`goods_name`,`shop_price`,`goods_img` FROM `zc_goods` ORDER BY is_promote desc, add_time desc LIMIT 4   [ RunTime:0.000364s ]
SQL: SHOW COLUMNS FROM `zc_order_goods` [ RunTime:0.005343s ]
SQL: select goods_id, count(*) as cou from zc_order_goods GROUP BY goods_id ORDER BY cou desc limit 4 [ RunTime:0.000312s ]
SQL: SELECT `goods_id`,`goods_name`,`shop_price`,`goods_img` FROM `zc_goods` WHERE ( `goods_id` IN (66) ) ORDER BY is_promote desc, add_time desc  [ RunTime:0.000282s ]
SQL: SHOW COLUMNS FROM `zc_brand` [ RunTime:0.005164s ]
SQL: SELECT `brand_id`,`brand_name`,`brand_logo` FROM `zc_brand` WHERE ( `is_show` = 1 ) ORDER BY sort_order asc LIMIT 6   [ RunTime:0.000461s ]
INFO: [ view_parse ] --START--
INFO: [ template_filter ] --START--
INFO: Run Behavior\ContentReplace [ RunTime:0.000208s ]
INFO: [ template_filter ] --END-- [ RunTime:0.000344s ]
NOTIC: [8] Undefined index: child D:\wamp\www\zczc\Runtime\Cache\Home\769e70f2e46f34ceb60619bbda5e4691.php 第 118 行.
NOTIC: [8] Undefined index: child D:\wamp\www\zczc\Runtime\Cache\Home\769e70f2e46f34ceb60619bbda5e4691.php 第 118 行.
INFO: Run Behavior\ParseTemplate [ RunTime:0.034272s ]
INFO: [ view_parse ] --END-- [ RunTime:0.034400s ]
INFO: [ view_filter ] --START--
INFO: Run Behavior\WriteHtmlCache [ RunTime:0.000485s ]
INFO: [ view_filter ] --END-- [ RunTime:0.000615s ]
INFO: [ app_end ] --START--
INFO: Run Behavior\ShowPageTrace [ RunTime:0.000814s ]
INFO: [ app_end ] --END-- [ RunTime:0.000975s ]

[ 2016-05-20T23:08:11+08:00 ] 127.0.0.1 /home/index
INFO: [ app_init ] --START--
INFO: Run Common\Behavior\InitHook [ RunTime:0.002527s ]
INFO: [ app_init ] --END-- [ RunTime:0.003073s ]
INFO: [ app_begin ] --START--
INFO: Run Behavior\ReadHtmlCache [ RunTime:0.000746s ]
INFO: [ app_begin ] --END-- [ RunTime:0.000904s ]
SQL: SHOW COLUMNS FROM `zc_config` [ RunTime:0.005220s ]
SQL: SELECT `type`,`name`,`value` FROM `zc_config` WHERE ( `status` = 1 )  [ RunTime:0.000423s ]
SQL: SHOW COLUMNS FROM `zc_menus` [ RunTime:0.004700s ]
SQL: SELECT * FROM `zc_menus` ORDER BY pid asc, menu_order asc  [ RunTime:0.000511s ]
SQL: SHOW COLUMNS FROM `zc_banner` [ RunTime:0.004604s ]
SQL: SELECT `id`,`link`,`title`,`image` FROM `zc_banner` ORDER BY featured desc, created_time desc LIMIT 4   [ RunTime:0.000352s ]
SQL: SHOW COLUMNS FROM `zc_goods` [ RunTime:0.005764s ]
SQL: SELECT `goods_id`,`goods_name`,`shop_price`,`goods_img` FROM `zc_goods` ORDER BY add_time desc, goods_id desc LIMIT 4   [ RunTime:0.000462s ]
SQL: SELECT `goods_id`,`goods_name`,`shop_price`,`goods_img` FROM `zc_goods` ORDER BY is_promote desc, add_time desc LIMIT 4   [ RunTime:0.000379s ]
SQL: SHOW COLUMNS FROM `zc_order_goods` [ RunTime:0.005063s ]
SQL: select goods_id, count(*) as cou from zc_order_goods GROUP BY goods_id ORDER BY cou desc limit 4 [ RunTime:0.000275s ]
SQL: SELECT `goods_id`,`goods_name`,`shop_price`,`goods_img` FROM `zc_goods` WHERE ( `goods_id` IN (66) ) ORDER BY is_promote desc, add_time desc  [ RunTime:0.000273s ]
SQL: SHOW COLUMNS FROM `zc_brand` [ RunTime:0.005180s ]
SQL: SELECT `brand_id`,`brand_name`,`brand_logo` FROM `zc_brand` WHERE ( `is_show` = 1 ) ORDER BY sort_order asc LIMIT 6   [ RunTime:0.000461s ]
INFO: [ view_parse ] --START--
INFO: [ template_filter ] --START--
INFO: Run Behavior\ContentReplace [ RunTime:0.000231s ]
INFO: [ template_filter ] --END-- [ RunTime:0.000365s ]
NOTIC: [8] Undefined index: child D:\wamp\www\zczc\Runtime\Cache\Home\769e70f2e46f34ceb60619bbda5e4691.php 第 118 行.
NOTIC: [8] Undefined index: child D:\wamp\www\zczc\Runtime\Cache\Home\769e70f2e46f34ceb60619bbda5e4691.php 第 118 行.
INFO: Run Behavior\ParseTemplate [ RunTime:0.033096s ]
INFO: [ view_parse ] --END-- [ RunTime:0.033223s ]
INFO: [ view_filter ] --START--
INFO: Run Behavior\WriteHtmlCache [ RunTime:0.000473s ]
INFO: [ view_filter ] --END-- [ RunTime:0.000583s ]
INFO: [ app_end ] --START--
INFO: Run Behavior\ShowPageTrace [ RunTime:0.000694s ]
INFO: [ app_end ] --END-- [ RunTime:0.000815s ]

[ 2016-05-20T23:09:35+08:00 ] 127.0.0.1 /home/user/account.html
INFO: [ app_init ] --START--
INFO: Run Common\Behavior\InitHook [ RunTime:0.002490s ]
INFO: [ app_init ] --END-- [ RunTime:0.003029s ]
INFO: [ app_begin ] --START--
INFO: Run Behavior\ReadHtmlCache [ RunTime:0.000725s ]
INFO: [ app_begin ] --END-- [ RunTime:0.000881s ]
SQL: SHOW COLUMNS FROM `zc_config` [ RunTime:0.005507s ]
SQL: SELECT `type`,`name`,`value` FROM `zc_config` WHERE ( `status` = 1 )  [ RunTime:0.000747s ]
SQL: SHOW COLUMNS FROM `zc_menus` [ RunTime:0.005175s ]
SQL: SELECT * FROM `zc_menus` ORDER BY pid asc, menu_order asc  [ RunTime:0.000559s ]
INFO: [ view_parse ] --START--
INFO: [ template_filter ] --START--
INFO: Run Behavior\ContentReplace [ RunTime:0.000189s ]
INFO: [ template_filter ] --END-- [ RunTime:0.000340s ]
NOTIC: [8] Undefined index: child D:\wamp\www\zczc\Runtime\Cache\Home\af9eb353cd1f533c473a1d26cde320b3.php 第 118 行.
NOTIC: [8] Undefined index: child D:\wamp\www\zczc\Runtime\Cache\Home\af9eb353cd1f533c473a1d26cde320b3.php 第 118 行.
INFO: Run Behavior\ParseTemplate [ RunTime:0.056885s ]
INFO: [ view_parse ] --END-- [ RunTime:0.057039s ]
INFO: [ view_filter ] --START--
INFO: Run Behavior\WriteHtmlCache [ RunTime:0.000453s ]
INFO: [ view_filter ] --END-- [ RunTime:0.000568s ]
INFO: [ app_end ] --START--
INFO: Run Behavior\ShowPageTrace [ RunTime:0.000820s ]
INFO: [ app_end ] --END-- [ RunTime:0.000961s ]

[ 2016-05-20T23:14:34+08:00 ] 127.0.0.1 /home/index/contact.html
INFO: [ app_init ] --START--
INFO: Run Common\Behavior\InitHook [ RunTime:0.002762s ]
INFO: [ app_init ] --END-- [ RunTime:0.003434s ]
INFO: [ app_begin ] --START--
INFO: Run Behavior\ReadHtmlCache [ RunTime:0.000665s ]
INFO: [ app_begin ] --END-- [ RunTime:0.000826s ]
SQL: SHOW COLUMNS FROM `zc_config` [ RunTime:0.006341s ]
SQL: SELECT `type`,`name`,`value` FROM `zc_config` WHERE ( `status` = 1 )  [ RunTime:0.000572s ]
SQL: SHOW COLUMNS FROM `zc_menus` [ RunTime:0.004678s ]
SQL: SELECT * FROM `zc_menus` ORDER BY pid asc, menu_order asc  [ RunTime:0.000553s ]
INFO: [ view_parse ] --START--
INFO: [ template_filter ] --START--
INFO: Run Behavior\ContentReplace [ RunTime:0.000156s ]
INFO: [ template_filter ] --END-- [ RunTime:0.000285s ]
NOTIC: [8] Undefined index: child D:\wamp\www\zczc\Runtime\Cache\Home\58e057e3fa2cee0de4e281ed898aad44.php 第 118 行.
NOTIC: [8] Undefined index: child D:\wamp\www\zczc\Runtime\Cache\Home\58e057e3fa2cee0de4e281ed898aad44.php 第 118 行.
INFO: Run Behavior\ParseTemplate [ RunTime:0.046223s ]
INFO: [ view_parse ] --END-- [ RunTime:0.046407s ]
INFO: [ view_filter ] --START--
INFO: Run Behavior\WriteHtmlCache [ RunTime:0.000460s ]
INFO: [ view_filter ] --END-- [ RunTime:0.000576s ]
INFO: [ app_end ] --START--
INFO: Run Behavior\ShowPageTrace [ RunTime:0.000695s ]
INFO: [ app_end ] --END-- [ RunTime:0.000816s ]

[ 2016-05-20T23:17:02+08:00 ] 127.0.0.1 /
INFO: [ app_init ] --START--
INFO: Run Common\Behavior\InitHook [ RunTime:0.003258s ]
INFO: [ app_init ] --END-- [ RunTime:0.003785s ]
INFO: [ app_begin ] --START--
INFO: Run Behavior\ReadHtmlCache [ RunTime:0.001177s ]
INFO: [ app_begin ] --END-- [ RunTime:0.003167s ]
SQL: SHOW COLUMNS FROM `zc_config` [ RunTime:0.005328s ]
SQL: SELECT `type`,`name`,`value` FROM `zc_config` WHERE ( `status` = 1 )  [ RunTime:0.000408s ]
SQL: SHOW COLUMNS FROM `zc_menus` [ RunTime:0.004802s ]
SQL: SELECT * FROM `zc_menus` ORDER BY pid asc, menu_order asc  [ RunTime:0.052385s ]
SQL: SHOW COLUMNS FROM `zc_banner` [ RunTime:0.005148s ]
SQL: SELECT `id`,`link`,`title`,`image` FROM `zc_banner` ORDER BY featured desc, created_time desc LIMIT 4   [ RunTime:0.000336s ]
SQL: SHOW COLUMNS FROM `zc_goods` [ RunTime:0.006090s ]
SQL: SELECT `goods_id`,`goods_name`,`shop_price`,`goods_img` FROM `zc_goods` ORDER BY add_time desc, goods_id desc LIMIT 4   [ RunTime:0.000531s ]
SQL: SELECT `goods_id`,`goods_name`,`shop_price`,`goods_img` FROM `zc_goods` ORDER BY is_promote desc, add_time desc LIMIT 4   [ RunTime:0.000353s ]
SQL: SHOW COLUMNS FROM `zc_order_goods` [ RunTime:0.004847s ]
SQL: select goods_id, count(*) as cou from zc_order_goods GROUP BY goods_id ORDER BY cou desc limit 4 [ RunTime:0.000273s ]
SQL: SELECT `goods_id`,`goods_name`,`shop_price`,`goods_img` FROM `zc_goods` WHERE ( `goods_id` IN (66) ) ORDER BY is_promote desc, add_time desc  [ RunTime:0.000267s ]
SQL: SHOW COLUMNS FROM `zc_brand` [ RunTime:0.004455s ]
SQL: SELECT `brand_id`,`brand_name`,`brand_logo` FROM `zc_brand` WHERE ( `is_show` = 1 ) ORDER BY sort_order asc LIMIT 6   [ RunTime:0.000433s ]
INFO: [ view_parse ] --START--
INFO: [ template_filter ] --START--
INFO: Run Behavior\ContentReplace [ RunTime:0.000207s ]
INFO: [ template_filter ] --END-- [ RunTime:0.000335s ]
NOTIC: [8] Undefined index: child D:\wamp\www\zczc\Runtime\Cache\Home\769e70f2e46f34ceb60619bbda5e4691.php 第 118 行.
NOTIC: [8] Undefined index: child D:\wamp\www\zczc\Runtime\Cache\Home\769e70f2e46f34ceb60619bbda5e4691.php 第 118 行.
INFO: Run Behavior\ParseTemplate [ RunTime:0.032916s ]
INFO: [ view_parse ] --END-- [ RunTime:0.033042s ]
INFO: [ view_filter ] --START--
INFO: Run Behavior\WriteHtmlCache [ RunTime:0.000464s ]
INFO: [ view_filter ] --END-- [ RunTime:0.000580s ]
INFO: [ app_end ] --START--
INFO: Run Behavior\ShowPageTrace [ RunTime:0.000729s ]
INFO: [ app_end ] --END-- [ RunTime:0.000865s ]

[ 2016-05-20T23:17:04+08:00 ] 127.0.0.1 /home/goods/category/cid/23
INFO: [ app_init ] --START--
INFO: Run Common\Behavior\InitHook [ RunTime:0.001985s ]
INFO: [ app_init ] --END-- [ RunTime:0.002481s ]
INFO: [ app_begin ] --START--
INFO: Run Behavior\ReadHtmlCache [ RunTime:0.000555s ]
INFO: [ app_begin ] --END-- [ RunTime:0.000690s ]
SQL: SHOW COLUMNS FROM `zc_config` [ RunTime:0.005014s ]
SQL: SELECT `type`,`name`,`value` FROM `zc_config` WHERE ( `status` = 1 )  [ RunTime:0.000426s ]
SQL: SHOW COLUMNS FROM `zc_menus` [ RunTime:0.005201s ]
SQL: SELECT * FROM `zc_menus` ORDER BY pid asc, menu_order asc  [ RunTime:0.000511s ]
SQL: SHOW COLUMNS FROM `zc_category` [ RunTime:0.025529s ]
SQL: SELECT `cat_name`,`cat_id`,`parent_id` FROM `zc_category` WHERE ( `cat_id` = 23 ) LIMIT 1   [ RunTime:0.000641s ]
SQL: SELECT `cat_id` FROM `zc_category` WHERE ( `parent_id` = 23 )  [ RunTime:0.000286s ]
SQL: SELECT * FROM `zc_category` LIMIT 4   [ RunTime:0.000253s ]
SQL: SHOW COLUMNS FROM `zc_brand` [ RunTime:0.005119s ]
SQL: SELECT * FROM `zc_brand` LIMIT 6   [ RunTime:0.000350s ]
SQL: SHOW COLUMNS FROM `zc_goods` [ RunTime:0.005931s ]
SQL: SELECT * FROM `zc_goods` ORDER BY add_time desc LIMIT 3   [ RunTime:0.000708s ]
SQL: SELECT COUNT(*) AS tp_count FROM `zc_goods` WHERE ( `cat_id` IN ('24','23') ) LIMIT 1   [ RunTime:0.017851s ]
SQL: SELECT `goods_id`,`cat_id`,`goods_name`,`click_count`,`brand_id`,`provider_name`,`goods_number`,`goods_weight`,`shop_price`,`promote_price`,`promote_start_date`,`promote_end_date`,`keywords`,`goods_brief`,`goods_desc`,`goods_thumb`,`goods_img`,`original_img`,`is_real`,`extension_code`,`is_on_sale`,`is_alone_sale`,`is_shipping`,`integral`,`add_time`,`sort_order`,`is_delete`,`is_best`,`is_new`,`is_hot`,`is_promote`,`bonus_type_id`,`last_update`,`goods_type`,`seller_note`,`give_integral`,`rank_integral`,`suppliers_id`,`is_check`,`goods_info` FROM `zc_goods` WHERE ( `cat_id` IN ('24','23') ) ORDER BY add_time desc LIMIT 0,9   [ RunTime:0.001892s ]
INFO: [ view_parse ] --START--
INFO: [ template_filter ] --START--
INFO: Run Behavior\ContentReplace [ RunTime:0.000217s ]
INFO: [ template_filter ] --END-- [ RunTime:0.000359s ]
NOTIC: [8] Undefined index: child D:\wamp\www\zczc\Runtime\Cache\Home\c52340e81f4ce8b49451567a978c95e3.php 第 118 行.
NOTIC: [8] Undefined index: child D:\wamp\www\zczc\Runtime\Cache\Home\c52340e81f4ce8b49451567a978c95e3.php 第 118 行.
NOTIC: [8] Undefined variable: parent D:\wamp\www\zczc\Runtime\Cache\Home\c52340e81f4ce8b49451567a978c95e3.php 第 170 行.
INFO: Run Behavior\ParseTemplate [ RunTime:0.047729s ]
INFO: [ view_parse ] --END-- [ RunTime:0.047891s ]
INFO: [ view_filter ] --START--
INFO: Run Behavior\WriteHtmlCache [ RunTime:0.000391s ]
INFO: [ view_filter ] --END-- [ RunTime:0.000510s ]
INFO: [ app_end ] --START--
INFO: Run Behavior\ShowPageTrace [ RunTime:0.000596s ]
INFO: [ app_end ] --END-- [ RunTime:0.000718s ]

[ 2016-05-20T23:17:05+08:00 ] 127.0.0.1 /home/goods/category/cid/undefined
INFO: [ app_init ] --START--
INFO: Run Common\Behavior\InitHook [ RunTime:0.003844s ]
INFO: [ app_init ] --END-- [ RunTime:0.004882s ]
INFO: [ app_begin ] --START--
INFO: Run Behavior\ReadHtmlCache [ RunTime:0.001105s ]
INFO: [ app_begin ] --END-- [ RunTime:0.001387s ]
SQL: SHOW COLUMNS FROM `zc_config` [ RunTime:0.005517s ]
SQL: SELECT `type`,`name`,`value` FROM `zc_config` WHERE ( `status` = 1 )  [ RunTime:0.000831s ]
SQL: SHOW COLUMNS FROM `zc_menus` [ RunTime:0.005166s ]
SQL: SELECT * FROM `zc_menus` ORDER BY pid asc, menu_order asc  [ RunTime:0.000540s ]
SQL: SHOW COLUMNS FROM `zc_category` [ RunTime:0.005625s ]
SQL: SELECT `cat_name`,`cat_id`,`parent_id` FROM `zc_category` WHERE ( `cat_id` = 0 ) LIMIT 1   [ RunTime:0.000625s ]
SQL: SELECT `cat_id` FROM `zc_category` WHERE ( `parent_id` = 0 )  [ RunTime:0.000429s ]
SQL: SELECT * FROM `zc_category` LIMIT 4   [ RunTime:0.000313s ]
SQL: SHOW COLUMNS FROM `zc_brand` [ RunTime:0.006300s ]
SQL: SELECT * FROM `zc_brand` LIMIT 6   [ RunTime:0.000478s ]
SQL: SHOW COLUMNS FROM `zc_goods` [ RunTime:0.006310s ]
SQL: SELECT * FROM `zc_goods` ORDER BY add_time desc LIMIT 3   [ RunTime:0.000701s ]
SQL: SELECT COUNT(*) AS tp_count FROM `zc_goods` WHERE ( `cat_id` IN ('1','25','23','21','19','17','34','undefined') ) LIMIT 1   [ RunTime:0.000252s ]
SQL: SELECT `goods_id`,`cat_id`,`goods_name`,`click_count`,`brand_id`,`provider_name`,`goods_number`,`goods_weight`,`shop_price`,`promote_price`,`promote_start_date`,`promote_end_date`,`keywords`,`goods_brief`,`goods_desc`,`goods_thumb`,`goods_img`,`original_img`,`is_real`,`extension_code`,`is_on_sale`,`is_alone_sale`,`is_shipping`,`integral`,`add_time`,`sort_order`,`is_delete`,`is_best`,`is_new`,`is_hot`,`is_promote`,`bonus_type_id`,`last_update`,`goods_type`,`seller_note`,`give_integral`,`rank_integral`,`suppliers_id`,`is_check`,`goods_info` FROM `zc_goods` WHERE ( `cat_id` IN ('1','25','23','21','19','17','34','undefined') ) ORDER BY add_time desc LIMIT 0,9   [ RunTime:0.000954s ]
INFO: [ view_parse ] --START--
INFO: [ template_filter ] --START--
INFO: Run Behavior\ContentReplace [ RunTime:0.000216s ]
INFO: [ template_filter ] --END-- [ RunTime:0.000369s ]
NOTIC: [8] Undefined index: child D:\wamp\www\zczc\Runtime\Cache\Home\c52340e81f4ce8b49451567a978c95e3.php 第 118 行.
NOTIC: [8] Undefined index: child D:\wamp\www\zczc\Runtime\Cache\Home\c52340e81f4ce8b49451567a978c95e3.php 第 118 行.
NOTIC: [8] Undefined variable: parent D:\wamp\www\zczc\Runtime\Cache\Home\c52340e81f4ce8b49451567a978c95e3.php 第 170 行.
INFO: Run Behavior\ParseTemplate [ RunTime:0.033483s ]
INFO: [ view_parse ] --END-- [ RunTime:0.033638s ]
INFO: [ view_filter ] --START--
INFO: Run Behavior\WriteHtmlCache [ RunTime:0.000476s ]
INFO: [ view_filter ] --END-- [ RunTime:0.000609s ]
INFO: [ app_end ] --START--
INFO: Run Behavior\ShowPageTrace [ RunTime:0.000660s ]
INFO: [ app_end ] --END-- [ RunTime:0.000786s ]

[ 2016-05-20T23:17:05+08:00 ] 127.0.0.1 /home/goods/category/cid/[
INFO: [ app_init ] --START--
INFO: Run Common\Behavior\InitHook [ RunTime:0.003828s ]
INFO: [ app_init ] --END-- [ RunTime:0.004688s ]
INFO: [ app_begin ] --START--
INFO: Run Behavior\ReadHtmlCache [ RunTime:0.001060s ]
INFO: [ app_begin ] --END-- [ RunTime:0.001357s ]
SQL: SHOW COLUMNS FROM `zc_config` [ RunTime:0.004901s ]
SQL: SELECT `type`,`name`,`value` FROM `zc_config` WHERE ( `status` = 1 )  [ RunTime:0.000410s ]
SQL: SHOW COLUMNS FROM `zc_menus` [ RunTime:0.005063s ]
SQL: SELECT * FROM `zc_menus` ORDER BY pid asc, menu_order asc  [ RunTime:0.000466s ]
SQL: SHOW COLUMNS FROM `zc_category` [ RunTime:0.005623s ]
SQL: SELECT `cat_name`,`cat_id`,`parent_id` FROM `zc_category` WHERE ( `cat_id` = 0 ) LIMIT 1   [ RunTime:0.000328s ]
SQL: SELECT `cat_id` FROM `zc_category` WHERE ( `parent_id` = 0 )  [ RunTime:0.000442s ]
SQL: SELECT * FROM `zc_category` LIMIT 4   [ RunTime:0.000606s ]
SQL: SHOW COLUMNS FROM `zc_brand` [ RunTime:0.005171s ]
SQL: SELECT * FROM `zc_brand` LIMIT 6   [ RunTime:0.000293s ]
SQL: SHOW COLUMNS FROM `zc_goods` [ RunTime:0.005343s ]
SQL: SELECT * FROM `zc_goods` ORDER BY add_time desc LIMIT 3   [ RunTime:0.000677s ]
SQL: SELECT COUNT(*) AS tp_count FROM `zc_goods` WHERE ( `cat_id` IN ('1','25','23','21','19','17','34','[') ) LIMIT 1   [ RunTime:0.000280s ]
SQL: SELECT `goods_id`,`cat_id`,`goods_name`,`click_count`,`brand_id`,`provider_name`,`goods_number`,`goods_weight`,`shop_price`,`promote_price`,`promote_start_date`,`promote_end_date`,`keywords`,`goods_brief`,`goods_desc`,`goods_thumb`,`goods_img`,`original_img`,`is_real`,`extension_code`,`is_on_sale`,`is_alone_sale`,`is_shipping`,`integral`,`add_time`,`sort_order`,`is_delete`,`is_best`,`is_new`,`is_hot`,`is_promote`,`bonus_type_id`,`last_update`,`goods_type`,`seller_note`,`give_integral`,`rank_integral`,`suppliers_id`,`is_check`,`goods_info` FROM `zc_goods` WHERE ( `cat_id` IN ('1','25','23','21','19','17','34','[') ) ORDER BY add_time desc LIMIT 0,9   [ RunTime:0.001039s ]
INFO: [ view_parse ] --START--
INFO: [ template_filter ] --START--
INFO: Run Behavior\ContentReplace [ RunTime:0.000233s ]
INFO: [ template_filter ] --END-- [ RunTime:0.000372s ]
NOTIC: [8] Undefined index: child D:\wamp\www\zczc\Runtime\Cache\Home\c52340e81f4ce8b49451567a978c95e3.php 第 118 行.
NOTIC: [8] Undefined index: child D:\wamp\www\zczc\Runtime\Cache\Home\c52340e81f4ce8b49451567a978c95e3.php 第 118 行.
NOTIC: [8] Undefined variable: parent D:\wamp\www\zczc\Runtime\Cache\Home\c52340e81f4ce8b49451567a978c95e3.php 第 170 行.
INFO: Run Behavior\ParseTemplate [ RunTime:0.033233s ]
INFO: [ view_parse ] --END-- [ RunTime:0.033392s ]
INFO: [ view_filter ] --START--
INFO: Run Behavior\WriteHtmlCache [ RunTime:0.000498s ]
INFO: [ view_filter ] --END-- [ RunTime:0.000633s ]
INFO: [ app_end ] --START--
INFO: Run Behavior\ShowPageTrace [ RunTime:0.000834s ]
INFO: [ app_end ] --END-- [ RunTime:0.000993s ]

[ 2016-05-20T23:18:29+08:00 ] 127.0.0.1 /home/index/category/cid/3
INFO: [ app_init ] --START--
INFO: Run Common\Behavior\InitHook [ RunTime:0.002394s ]
INFO: [ app_init ] --END-- [ RunTime:0.002953s ]
INFO: [ app_begin ] --START--
INFO: Run Behavior\ReadHtmlCache [ RunTime:0.000684s ]
INFO: [ app_begin ] --END-- [ RunTime:0.000871s ]
SQL: SHOW COLUMNS FROM `zc_config` [ RunTime:0.005143s ]
SQL: SELECT `type`,`name`,`value` FROM `zc_config` WHERE ( `status` = 1 )  [ RunTime:0.001360s ]
SQL: SHOW COLUMNS FROM `zc_menus` [ RunTime:0.005978s ]
SQL: SELECT * FROM `zc_menus` ORDER BY pid asc, menu_order asc  [ RunTime:0.001330s ]

[ 2016-05-20T23:18:29+08:00 ] 127.0.0.1 /Home/Index/index.html
INFO: [ app_init ] --START--
INFO: Run Common\Behavior\InitHook [ RunTime:0.001863s ]
INFO: [ app_init ] --END-- [ RunTime:0.002327s ]
INFO: [ app_begin ] --START--
INFO: Run Behavior\ReadHtmlCache [ RunTime:0.000569s ]
INFO: [ app_begin ] --END-- [ RunTime:0.000718s ]
SQL: SHOW COLUMNS FROM `zc_config` [ RunTime:0.005219s ]
SQL: SELECT `type`,`name`,`value` FROM `zc_config` WHERE ( `status` = 1 )  [ RunTime:0.000464s ]
SQL: SHOW COLUMNS FROM `zc_menus` [ RunTime:0.004647s ]
SQL: SELECT * FROM `zc_menus` ORDER BY pid asc, menu_order asc  [ RunTime:0.000570s ]
SQL: SHOW COLUMNS FROM `zc_banner` [ RunTime:0.005334s ]
SQL: SELECT `id`,`link`,`title`,`image` FROM `zc_banner` ORDER BY featured desc, created_time desc LIMIT 4   [ RunTime:0.000461s ]
SQL: SHOW COLUMNS FROM `zc_goods` [ RunTime:0.005538s ]
SQL: SELECT `goods_id`,`goods_name`,`shop_price`,`goods_img` FROM `zc_goods` ORDER BY add_time desc, goods_id desc LIMIT 4   [ RunTime:0.000454s ]
SQL: SELECT `goods_id`,`goods_name`,`shop_price`,`goods_img` FROM `zc_goods` ORDER BY is_promote desc, add_time desc LIMIT 4   [ RunTime:0.000353s ]
SQL: SHOW COLUMNS FROM `zc_order_goods` [ RunTime:0.004833s ]
SQL: select goods_id, count(*) as cou from zc_order_goods GROUP BY goods_id ORDER BY cou desc limit 4 [ RunTime:0.000288s ]
SQL: SELECT `goods_id`,`goods_name`,`shop_price`,`goods_img` FROM `zc_goods` WHERE ( `goods_id` IN (66) ) ORDER BY is_promote desc, add_time desc  [ RunTime:0.000321s ]
SQL: SHOW COLUMNS FROM `zc_brand` [ RunTime:0.005155s ]
SQL: SELECT `brand_id`,`brand_name`,`brand_logo` FROM `zc_brand` WHERE ( `is_show` = 1 ) ORDER BY sort_order asc LIMIT 6   [ RunTime:0.000442s ]
INFO: [ view_parse ] --START--
INFO: [ template_filter ] --START--
INFO: Run Behavior\ContentReplace [ RunTime:0.000211s ]
INFO: [ template_filter ] --END-- [ RunTime:0.000356s ]
NOTIC: [8] Undefined index: child D:\wamp\www\zczc\Runtime\Cache\Home\769e70f2e46f34ceb60619bbda5e4691.php 第 118 行.
NOTIC: [8] Undefined index: child D:\wamp\www\zczc\Runtime\Cache\Home\769e70f2e46f34ceb60619bbda5e4691.php 第 118 行.
INFO: Run Behavior\ParseTemplate [ RunTime:0.033695s ]
INFO: [ view_parse ] --END-- [ RunTime:0.033844s ]
INFO: [ view_filter ] --START--
INFO: Run Behavior\WriteHtmlCache [ RunTime:0.000353s ]
INFO: [ view_filter ] --END-- [ RunTime:0.000477s ]
INFO: [ app_end ] --START--
INFO: Run Behavior\ShowPageTrace [ RunTime:0.000554s ]
INFO: [ app_end ] --END-- [ RunTime:0.000691s ]

[ 2016-05-20T23:18:32+08:00 ] 127.0.0.1 /home/goods/category/cid/23
INFO: [ app_init ] --START--
INFO: Run Common\Behavior\InitHook [ RunTime:0.001918s ]
INFO: [ app_init ] --END-- [ RunTime:0.002440s ]
INFO: [ app_begin ] --START--
INFO: Run Behavior\ReadHtmlCache [ RunTime:0.000590s ]
INFO: [ app_begin ] --END-- [ RunTime:0.000740s ]
SQL: SHOW COLUMNS FROM `zc_config` [ RunTime:0.005414s ]
SQL: SELECT `type`,`name`,`value` FROM `zc_config` WHERE ( `status` = 1 )  [ RunTime:0.000435s ]
SQL: SHOW COLUMNS FROM `zc_menus` [ RunTime:0.004746s ]
SQL: SELECT * FROM `zc_menus` ORDER BY pid asc, menu_order asc  [ RunTime:0.000472s ]
SQL: SHOW COLUMNS FROM `zc_category` [ RunTime:0.004801s ]
SQL: SELECT `cat_name`,`cat_id`,`parent_id` FROM `zc_category` WHERE ( `cat_id` = 23 ) LIMIT 1   [ RunTime:0.000487s ]
SQL: SELECT `cat_id` FROM `zc_category` WHERE ( `parent_id` = 23 )  [ RunTime:0.000419s ]
SQL: SELECT * FROM `zc_category` LIMIT 4   [ RunTime:0.000323s ]
SQL: SHOW COLUMNS FROM `zc_brand` [ RunTime:0.004772s ]
SQL: SELECT * FROM `zc_brand` LIMIT 6   [ RunTime:0.000357s ]
SQL: SHOW COLUMNS FROM `zc_goods` [ RunTime:0.005430s ]
SQL: SELECT * FROM `zc_goods` ORDER BY add_time desc LIMIT 3   [ RunTime:0.000597s ]
SQL: SELECT COUNT(*) AS tp_count FROM `zc_goods` WHERE ( `cat_id` IN ('24','23') ) LIMIT 1   [ RunTime:0.000272s ]
SQL: SELECT `goods_id`,`cat_id`,`goods_name`,`click_count`,`brand_id`,`provider_name`,`goods_number`,`goods_weight`,`shop_price`,`promote_price`,`promote_start_date`,`promote_end_date`,`keywords`,`goods_brief`,`goods_desc`,`goods_thumb`,`goods_img`,`original_img`,`is_real`,`extension_code`,`is_on_sale`,`is_alone_sale`,`is_shipping`,`integral`,`add_time`,`sort_order`,`is_delete`,`is_best`,`is_new`,`is_hot`,`is_promote`,`bonus_type_id`,`last_update`,`goods_type`,`seller_note`,`give_integral`,`rank_integral`,`suppliers_id`,`is_check`,`goods_info` FROM `zc_goods` WHERE ( `cat_id` IN ('24','23') ) ORDER BY add_time desc LIMIT 0,9   [ RunTime:0.001170s ]
INFO: [ view_parse ] --START--
INFO: [ template_filter ] --START--
INFO: Run Behavior\ContentReplace [ RunTime:0.000200s ]
INFO: [ template_filter ] --END-- [ RunTime:0.000343s ]
NOTIC: [8] Undefined index: child D:\wamp\www\zczc\Runtime\Cache\Home\c52340e81f4ce8b49451567a978c95e3.php 第 118 行.
NOTIC: [8] Undefined index: child D:\wamp\www\zczc\Runtime\Cache\Home\c52340e81f4ce8b49451567a978c95e3.php 第 118 行.
NOTIC: [8] Undefined variable: parent D:\wamp\www\zczc\Runtime\Cache\Home\c52340e81f4ce8b49451567a978c95e3.php 第 170 行.
INFO: Run Behavior\ParseTemplate [ RunTime:0.031089s ]
INFO: [ view_parse ] --END-- [ RunTime:0.031227s ]
INFO: [ view_filter ] --START--
INFO: Run Behavior\WriteHtmlCache [ RunTime:0.000381s ]
INFO: [ view_filter ] --END-- [ RunTime:0.000512s ]
INFO: [ app_end ] --START--
INFO: Run Behavior\ShowPageTrace [ RunTime:0.000557s ]
INFO: [ app_end ] --END-- [ RunTime:0.000694s ]

[ 2016-05-20T23:18:32+08:00 ] 127.0.0.1 /home/goods/category/cid/undefined
INFO: [ app_init ] --START--
INFO: Run Common\Behavior\InitHook [ RunTime:0.004407s ]
INFO: [ app_init ] --END-- [ RunTime:0.005468s ]
INFO: [ app_begin ] --START--
INFO: Run Behavior\ReadHtmlCache [ RunTime:0.000996s ]
INFO: [ app_begin ] --END-- [ RunTime:0.001493s ]
SQL: SHOW COLUMNS FROM `zc_config` [ RunTime:0.006154s ]
SQL: SELECT `type`,`name`,`value` FROM `zc_config` WHERE ( `status` = 1 )  [ RunTime:0.000787s ]
SQL: SHOW COLUMNS FROM `zc_menus` [ RunTime:0.007517s ]
SQL: SELECT * FROM `zc_menus` ORDER BY pid asc, menu_order asc  [ RunTime:0.000602s ]
SQL: SHOW COLUMNS FROM `zc_category` [ RunTime:0.006185s ]
SQL: SELECT `cat_name`,`cat_id`,`parent_id` FROM `zc_category` WHERE ( `cat_id` = 0 ) LIMIT 1   [ RunTime:0.000706s ]
SQL: SELECT `cat_id` FROM `zc_category` WHERE ( `parent_id` = 0 )  [ RunTime:0.000978s ]
SQL: SELECT * FROM `zc_category` LIMIT 4   [ RunTime:0.001138s ]
SQL: SHOW COLUMNS FROM `zc_brand` [ RunTime:0.006337s ]
SQL: SELECT * FROM `zc_brand` LIMIT 6   [ RunTime:0.000329s ]
SQL: SHOW COLUMNS FROM `zc_goods` [ RunTime:0.007197s ]
SQL: SELECT * FROM `zc_goods` ORDER BY add_time desc LIMIT 3   [ RunTime:0.000947s ]
SQL: SELECT COUNT(*) AS tp_count FROM `zc_goods` WHERE ( `cat_id` IN ('1','25','23','21','19','17','34','undefined') ) LIMIT 1   [ RunTime:0.000281s ]
SQL: SELECT `goods_id`,`cat_id`,`goods_name`,`click_count`,`brand_id`,`provider_name`,`goods_number`,`goods_weight`,`shop_price`,`promote_price`,`promote_start_date`,`promote_end_date`,`keywords`,`goods_brief`,`goods_desc`,`goods_thumb`,`goods_img`,`original_img`,`is_real`,`extension_code`,`is_on_sale`,`is_alone_sale`,`is_shipping`,`integral`,`add_time`,`sort_order`,`is_delete`,`is_best`,`is_new`,`is_hot`,`is_promote`,`bonus_type_id`,`last_update`,`goods_type`,`seller_note`,`give_integral`,`rank_integral`,`suppliers_id`,`is_check`,`goods_info` FROM `zc_goods` WHERE ( `cat_id` IN ('1','25','23','21','19','17','34','undefined') ) ORDER BY add_time desc LIMIT 0,9   [ RunTime:0.001074s ]
INFO: [ view_parse ] --START--
INFO: [ template_filter ] --START--
INFO: Run Behavior\ContentReplace [ RunTime:0.000224s ]
INFO: [ template_filter ] --END-- [ RunTime:0.000369s ]
NOTIC: [8] Undefined index: child D:\wamp\www\zczc\Runtime\Cache\Home\c52340e81f4ce8b49451567a978c95e3.php 第 118 行.
NOTIC: [8] Undefined index: child D:\wamp\www\zczc\Runtime\Cache\Home\c52340e81f4ce8b49451567a978c95e3.php 第 118 行.
NOTIC: [8] Undefined variable: parent D:\wamp\www\zczc\Runtime\Cache\Home\c52340e81f4ce8b49451567a978c95e3.php 第 170 行.
INFO: Run Behavior\ParseTemplate [ RunTime:0.034505s ]
INFO: [ view_parse ] --END-- [ RunTime:0.034650s ]
INFO: [ view_filter ] --START--
INFO: Run Behavior\WriteHtmlCache [ RunTime:0.000366s ]
INFO: [ view_filter ] --END-- [ RunTime:0.000493s ]
INFO: [ app_end ] --START--
INFO: Run Behavior\ShowPageTrace [ RunTime:0.000591s ]
INFO: [ app_end ] --END-- [ RunTime:0.000724s ]

[ 2016-05-20T23:18:32+08:00 ] 127.0.0.1 /home/goods/category/cid/[
INFO: [ app_init ] --START--
INFO: Run Common\Behavior\InitHook [ RunTime:0.003883s ]
INFO: [ app_init ] --END-- [ RunTime:0.004688s ]
INFO: [ app_begin ] --START--
INFO: Run Behavior\ReadHtmlCache [ RunTime:0.000972s ]
INFO: [ app_begin ] --END-- [ RunTime:0.001264s ]
SQL: SHOW COLUMNS FROM `zc_config` [ RunTime:0.005206s ]
SQL: SELECT `type`,`name`,`value` FROM `zc_config` WHERE ( `status` = 1 )  [ RunTime:0.000557s ]
SQL: SHOW COLUMNS FROM `zc_menus` [ RunTime:0.006770s ]
SQL: SELECT * FROM `zc_menus` ORDER BY pid asc, menu_order asc  [ RunTime:0.000581s ]
SQL: SHOW COLUMNS FROM `zc_category` [ RunTime:0.007878s ]
SQL: SELECT `cat_name`,`cat_id`,`parent_id` FROM `zc_category` WHERE ( `cat_id` = 0 ) LIMIT 1   [ RunTime:0.000399s ]
SQL: SELECT `cat_id` FROM `zc_category` WHERE ( `parent_id` = 0 )  [ RunTime:0.000383s ]
SQL: SELECT * FROM `zc_category` LIMIT 4   [ RunTime:0.000346s ]
SQL: SHOW COLUMNS FROM `zc_brand` [ RunTime:0.006476s ]
SQL: SELECT * FROM `zc_brand` LIMIT 6   [ RunTime:0.000452s ]
SQL: SHOW COLUMNS FROM `zc_goods` [ RunTime:0.007081s ]
SQL: SELECT * FROM `zc_goods` ORDER BY add_time desc LIMIT 3   [ RunTime:0.001050s ]
SQL: SELECT COUNT(*) AS tp_count FROM `zc_goods` WHERE ( `cat_id` IN ('1','25','23','21','19','17','34','[') ) LIMIT 1   [ RunTime:0.000733s ]
SQL: SELECT `goods_id`,`cat_id`,`goods_name`,`click_count`,`brand_id`,`provider_name`,`goods_number`,`goods_weight`,`shop_price`,`promote_price`,`promote_start_date`,`promote_end_date`,`keywords`,`goods_brief`,`goods_desc`,`goods_thumb`,`goods_img`,`original_img`,`is_real`,`extension_code`,`is_on_sale`,`is_alone_sale`,`is_shipping`,`integral`,`add_time`,`sort_order`,`is_delete`,`is_best`,`is_new`,`is_hot`,`is_promote`,`bonus_type_id`,`last_update`,`goods_type`,`seller_note`,`give_integral`,`rank_integral`,`suppliers_id`,`is_check`,`goods_info` FROM `zc_goods` WHERE ( `cat_id` IN ('1','25','23','21','19','17','34','[') ) ORDER BY add_time desc LIMIT 0,9   [ RunTime:0.002204s ]
INFO: [ view_parse ] --START--
INFO: [ template_filter ] --START--
INFO: Run Behavior\ContentReplace [ RunTime:0.000217s ]
INFO: [ template_filter ] --END-- [ RunTime:0.000376s ]
NOTIC: [8] Undefined index: child D:\wamp\www\zczc\Runtime\Cache\Home\c52340e81f4ce8b49451567a978c95e3.php 第 118 行.
NOTIC: [8] Undefined index: child D:\wamp\www\zczc\Runtime\Cache\Home\c52340e81f4ce8b49451567a978c95e3.php 第 118 行.
NOTIC: [8] Undefined variable: parent D:\wamp\www\zczc\Runtime\Cache\Home\c52340e81f4ce8b49451567a978c95e3.php 第 170 行.
INFO: Run Behavior\ParseTemplate [ RunTime:0.043392s ]
INFO: [ view_parse ] --END-- [ RunTime:0.043539s ]
INFO: [ view_filter ] --START--
INFO: Run Behavior\WriteHtmlCache [ RunTime:0.000377s ]
INFO: [ view_filter ] --END-- [ RunTime:0.000524s ]
INFO: [ app_end ] --START--
INFO: Run Behavior\ShowPageTrace [ RunTime:0.000770s ]
INFO: [ app_end ] --END-- [ RunTime:0.000981s ]

[ 2016-05-20T23:25:42+08:00 ] 127.0.0.1 /home/goods/category/cid/21
INFO: [ app_init ] --START--
INFO: Run Common\Behavior\InitHook [ RunTime:0.004943s ]
INFO: [ app_init ] --END-- [ RunTime:0.005703s ]
INFO: [ app_begin ] --START--
INFO: Run Behavior\ReadHtmlCache [ RunTime:0.001004s ]
INFO: [ app_begin ] --END-- [ RunTime:0.001279s ]
SQL: SHOW COLUMNS FROM `zc_config` [ RunTime:0.005502s ]
SQL: SELECT `type`,`name`,`value` FROM `zc_config` WHERE ( `status` = 1 )  [ RunTime:0.001038s ]
SQL: SHOW COLUMNS FROM `zc_menus` [ RunTime:0.005663s ]
SQL: SELECT * FROM `zc_menus` ORDER BY pid asc, menu_order asc  [ RunTime:0.000916s ]
SQL: SHOW COLUMNS FROM `zc_category` [ RunTime:0.004935s ]
SQL: SELECT `cat_name`,`cat_id`,`parent_id` FROM `zc_category` WHERE ( `cat_id` = 21 ) LIMIT 1   [ RunTime:0.000349s ]
SQL: SELECT `cat_id` FROM `zc_category` WHERE ( `parent_id` = 21 )  [ RunTime:0.000233s ]
SQL: SELECT * FROM `zc_category` LIMIT 4   [ RunTime:0.000251s ]
SQL: SHOW COLUMNS FROM `zc_brand` [ RunTime:0.004583s ]
SQL: SELECT * FROM `zc_brand` LIMIT 6   [ RunTime:0.000337s ]
SQL: SHOW COLUMNS FROM `zc_goods` [ RunTime:0.007008s ]
SQL: SELECT * FROM `zc_goods` ORDER BY add_time desc LIMIT 3   [ RunTime:0.000618s ]
SQL: SELECT COUNT(*) AS tp_count FROM `zc_goods` WHERE ( `cat_id` IN ('22','21') ) LIMIT 1   [ RunTime:0.000273s ]
SQL: SELECT `goods_id`,`cat_id`,`goods_name`,`click_count`,`brand_id`,`provider_name`,`goods_number`,`goods_weight`,`shop_price`,`promote_price`,`promote_start_date`,`promote_end_date`,`keywords`,`goods_brief`,`goods_desc`,`goods_thumb`,`goods_img`,`original_img`,`is_real`,`extension_code`,`is_on_sale`,`is_alone_sale`,`is_shipping`,`integral`,`add_time`,`sort_order`,`is_delete`,`is_best`,`is_new`,`is_hot`,`is_promote`,`bonus_type_id`,`last_update`,`goods_type`,`seller_note`,`give_integral`,`rank_integral`,`suppliers_id`,`is_check`,`goods_info` FROM `zc_goods` WHERE ( `cat_id` IN ('22','21') ) ORDER BY add_time desc LIMIT 0,9   [ RunTime:0.000969s ]
INFO: [ view_parse ] --START--
INFO: [ template_filter ] --START--
INFO: Run Behavior\ContentReplace [ RunTime:0.000218s ]
INFO: [ template_filter ] --END-- [ RunTime:0.000368s ]
NOTIC: [8] Undefined index: child D:\wamp\www\zczc\Runtime\Cache\Home\c52340e81f4ce8b49451567a978c95e3.php 第 118 行.
NOTIC: [8] Undefined index: child D:\wamp\www\zczc\Runtime\Cache\Home\c52340e81f4ce8b49451567a978c95e3.php 第 118 行.
NOTIC: [8] Undefined variable: parent D:\wamp\www\zczc\Runtime\Cache\Home\c52340e81f4ce8b49451567a978c95e3.php 第 170 行.
INFO: Run Behavior\ParseTemplate [ RunTime:0.032019s ]
INFO: [ view_parse ] --END-- [ RunTime:0.032158s ]
INFO: [ view_filter ] --START--
INFO: Run Behavior\WriteHtmlCache [ RunTime:0.000469s ]
INFO: [ view_filter ] --END-- [ RunTime:0.000605s ]
INFO: [ app_end ] --START--
INFO: Run Behavior\ShowPageTrace [ RunTime:0.000680s ]
INFO: [ app_end ] --END-- [ RunTime:0.000810s ]

[ 2016-05-20T23:25:43+08:00 ] 127.0.0.1 /home/goods/category/cid/[
INFO: [ app_init ] --START--
INFO: Run Common\Behavior\InitHook [ RunTime:0.004068s ]
INFO: [ app_init ] --END-- [ RunTime:0.005783s ]
INFO: [ app_begin ] --START--
INFO: Run Behavior\ReadHtmlCache [ RunTime:0.001146s ]
INFO: [ app_begin ] --END-- [ RunTime:0.001347s ]
SQL: SHOW COLUMNS FROM `zc_config` [ RunTime:0.104500s ]
SQL: SELECT `type`,`name`,`value` FROM `zc_config` WHERE ( `status` = 1 )  [ RunTime:0.000709s ]
SQL: SHOW COLUMNS FROM `zc_menus` [ RunTime:0.006582s ]
SQL: SELECT * FROM `zc_menus` ORDER BY pid asc, menu_order asc  [ RunTime:0.000594s ]
SQL: SHOW COLUMNS FROM `zc_category` [ RunTime:0.008517s ]
SQL: SELECT `cat_name`,`cat_id`,`parent_id` FROM `zc_category` WHERE ( `cat_id` = 0 ) LIMIT 1   [ RunTime:0.000384s ]
SQL: SELECT `cat_id` FROM `zc_category` WHERE ( `parent_id` = 0 )  [ RunTime:0.000442s ]
SQL: SELECT * FROM `zc_category` LIMIT 4   [ RunTime:0.000945s ]
SQL: SHOW COLUMNS FROM `zc_brand` [ RunTime:0.006351s ]
SQL: SELECT * FROM `zc_brand` LIMIT 6   [ RunTime:0.000334s ]
SQL: SHOW COLUMNS FROM `zc_goods` [ RunTime:0.008482s ]
SQL: SELECT * FROM `zc_goods` ORDER BY add_time desc LIMIT 3   [ RunTime:0.001450s ]
SQL: SELECT COUNT(*) AS tp_count FROM `zc_goods` WHERE ( `cat_id` IN ('1','25','23','21','19','17','34','[') ) LIMIT 1   [ RunTime:0.000687s ]
SQL: SELECT `goods_id`,`cat_id`,`goods_name`,`click_count`,`brand_id`,`provider_name`,`goods_number`,`goods_weight`,`shop_price`,`promote_price`,`promote_start_date`,`promote_end_date`,`keywords`,`goods_brief`,`goods_desc`,`goods_thumb`,`goods_img`,`original_img`,`is_real`,`extension_code`,`is_on_sale`,`is_alone_sale`,`is_shipping`,`integral`,`add_time`,`sort_order`,`is_delete`,`is_best`,`is_new`,`is_hot`,`is_promote`,`bonus_type_id`,`last_update`,`goods_type`,`seller_note`,`give_integral`,`rank_integral`,`suppliers_id`,`is_check`,`goods_info` FROM `zc_goods` WHERE ( `cat_id` IN ('1','25','23','21','19','17','34','[') ) ORDER BY add_time desc LIMIT 0,9   [ RunTime:0.001118s ]
INFO: [ view_parse ] --START--
INFO: [ template_filter ] --START--
INFO: Run Behavior\ContentReplace [ RunTime:0.000214s ]
INFO: [ template_filter ] --END-- [ RunTime:0.000375s ]
NOTIC: [8] Undefined index: child D:\wamp\www\zczc\Runtime\Cache\Home\c52340e81f4ce8b49451567a978c95e3.php 第 118 行.
NOTIC: [8] Undefined index: child D:\wamp\www\zczc\Runtime\Cache\Home\c52340e81f4ce8b49451567a978c95e3.php 第 118 行.
NOTIC: [8] Undefined variable: parent D:\wamp\www\zczc\Runtime\Cache\Home\c52340e81f4ce8b49451567a978c95e3.php 第 170 行.
INFO: Run Behavior\ParseTemplate [ RunTime:0.042739s ]
INFO: [ view_parse ] --END-- [ RunTime:0.042931s ]
INFO: [ view_filter ] --START--
INFO: Run Behavior\WriteHtmlCache [ RunTime:0.000778s ]
INFO: [ view_filter ] --END-- [ RunTime:0.000981s ]
INFO: [ app_end ] --START--
INFO: Run Behavior\ShowPageTrace [ RunTime:0.001208s ]
INFO: [ app_end ] --END-- [ RunTime:0.001525s ]

[ 2016-05-20T23:25:45+08:00 ] 127.0.0.1 /home/goods/category/cid/19
INFO: [ app_init ] --START--
INFO: Run Common\Behavior\InitHook [ RunTime:0.001997s ]
INFO: [ app_init ] --END-- [ RunTime:0.002507s ]
INFO: [ app_begin ] --START--
INFO: Run Behavior\ReadHtmlCache [ RunTime:0.000663s ]
INFO: [ app_begin ] --END-- [ RunTime:0.000837s ]
SQL: SHOW COLUMNS FROM `zc_config` [ RunTime:0.006409s ]
SQL: SELECT `type`,`name`,`value` FROM `zc_config` WHERE ( `status` = 1 )  [ RunTime:0.000456s ]
SQL: SHOW COLUMNS FROM `zc_menus` [ RunTime:0.005620s ]
SQL: SELECT * FROM `zc_menus` ORDER BY pid asc, menu_order asc  [ RunTime:0.000732s ]
SQL: SHOW COLUMNS FROM `zc_category` [ RunTime:0.006144s ]
SQL: SELECT `cat_name`,`cat_id`,`parent_id` FROM `zc_category` WHERE ( `cat_id` = 19 ) LIMIT 1   [ RunTime:0.000863s ]
SQL: SELECT `cat_id` FROM `zc_category` WHERE ( `parent_id` = 19 )  [ RunTime:0.000243s ]
SQL: SELECT * FROM `zc_category` LIMIT 4   [ RunTime:0.000283s ]
SQL: SHOW COLUMNS FROM `zc_brand` [ RunTime:0.005119s ]
SQL: SELECT * FROM `zc_brand` LIMIT 6   [ RunTime:0.000416s ]
SQL: SHOW COLUMNS FROM `zc_goods` [ RunTime:0.005485s ]
SQL: SELECT * FROM `zc_goods` ORDER BY add_time desc LIMIT 3   [ RunTime:0.000630s ]
SQL: SELECT COUNT(*) AS tp_count FROM `zc_goods` WHERE ( `cat_id` IN ('20','19') ) LIMIT 1   [ RunTime:0.000369s ]
SQL: SELECT `goods_id`,`cat_id`,`goods_name`,`click_count`,`brand_id`,`provider_name`,`goods_number`,`goods_weight`,`shop_price`,`promote_price`,`promote_start_date`,`promote_end_date`,`keywords`,`goods_brief`,`goods_desc`,`goods_thumb`,`goods_img`,`original_img`,`is_real`,`extension_code`,`is_on_sale`,`is_alone_sale`,`is_shipping`,`integral`,`add_time`,`sort_order`,`is_delete`,`is_best`,`is_new`,`is_hot`,`is_promote`,`bonus_type_id`,`last_update`,`goods_type`,`seller_note`,`give_integral`,`rank_integral`,`suppliers_id`,`is_check`,`goods_info` FROM `zc_goods` WHERE ( `cat_id` IN ('20','19') ) ORDER BY add_time desc LIMIT 0,9   [ RunTime:0.000373s ]
INFO: [ view_parse ] --START--
INFO: [ template_filter ] --START--
INFO: Run Behavior\ContentReplace [ RunTime:0.000206s ]
INFO: [ template_filter ] --END-- [ RunTime:0.000353s ]
NOTIC: [8] Undefined index: child D:\wamp\www\zczc\Runtime\Cache\Home\c52340e81f4ce8b49451567a978c95e3.php 第 118 行.
NOTIC: [8] Undefined index: child D:\wamp\www\zczc\Runtime\Cache\Home\c52340e81f4ce8b49451567a978c95e3.php 第 118 行.
NOTIC: [8] Undefined variable: parent D:\wamp\www\zczc\Runtime\Cache\Home\c52340e81f4ce8b49451567a978c95e3.php 第 170 行.
INFO: Run Behavior\ParseTemplate [ RunTime:0.031402s ]
INFO: [ view_parse ] --END-- [ RunTime:0.031548s ]
INFO: [ view_filter ] --START--
INFO: Run Behavior\WriteHtmlCache [ RunTime:0.000403s ]
INFO: [ view_filter ] --END-- [ RunTime:0.000556s ]
INFO: [ app_end ] --START--
INFO: Run Behavior\ShowPageTrace [ RunTime:0.000545s ]
INFO: [ app_end ] --END-- [ RunTime:0.000679s ]

[ 2016-05-20T23:25:45+08:00 ] 127.0.0.1 /home/goods/category/cid/[
INFO: [ app_init ] --START--
INFO: Run Common\Behavior\InitHook [ RunTime:0.002269s ]
INFO: [ app_init ] --END-- [ RunTime:0.003357s ]
INFO: [ app_begin ] --START--
INFO: Run Behavior\ReadHtmlCache [ RunTime:0.001105s ]
INFO: [ app_begin ] --END-- [ RunTime:0.001399s ]
SQL: SHOW COLUMNS FROM `zc_config` [ RunTime:0.007224s ]
SQL: SELECT `type`,`name`,`value` FROM `zc_config` WHERE ( `status` = 1 )  [ RunTime:0.000555s ]
SQL: SHOW COLUMNS FROM `zc_menus` [ RunTime:0.007910s ]
SQL: SELECT * FROM `zc_menus` ORDER BY pid asc, menu_order asc  [ RunTime:0.000589s ]
SQL: SHOW COLUMNS FROM `zc_category` [ RunTime:0.006558s ]
SQL: SELECT `cat_name`,`cat_id`,`parent_id` FROM `zc_category` WHERE ( `cat_id` = 0 ) LIMIT 1   [ RunTime:0.000281s ]
SQL: SELECT `cat_id` FROM `zc_category` WHERE ( `parent_id` = 0 )  [ RunTime:0.000338s ]
SQL: SELECT * FROM `zc_category` LIMIT 4   [ RunTime:0.000254s ]
SQL: SHOW COLUMNS FROM `zc_brand` [ RunTime:0.005977s ]
SQL: SELECT * FROM `zc_brand` LIMIT 6   [ RunTime:0.000449s ]
SQL: SHOW COLUMNS FROM `zc_goods` [ RunTime:0.008085s ]
SQL: SELECT * FROM `zc_goods` ORDER BY add_time desc LIMIT 3   [ RunTime:0.000802s ]
SQL: SELECT COUNT(*) AS tp_count FROM `zc_goods` WHERE ( `cat_id` IN ('1','25','23','21','19','17','34','[') ) LIMIT 1   [ RunTime:0.000749s ]
SQL: SELECT `goods_id`,`cat_id`,`goods_name`,`click_count`,`brand_id`,`provider_name`,`goods_number`,`goods_weight`,`shop_price`,`promote_price`,`promote_start_date`,`promote_end_date`,`keywords`,`goods_brief`,`goods_desc`,`goods_thumb`,`goods_img`,`original_img`,`is_real`,`extension_code`,`is_on_sale`,`is_alone_sale`,`is_shipping`,`integral`,`add_time`,`sort_order`,`is_delete`,`is_best`,`is_new`,`is_hot`,`is_promote`,`bonus_type_id`,`last_update`,`goods_type`,`seller_note`,`give_integral`,`rank_integral`,`suppliers_id`,`is_check`,`goods_info` FROM `zc_goods` WHERE ( `cat_id` IN ('1','25','23','21','19','17','34','[') ) ORDER BY add_time desc LIMIT 0,9   [ RunTime:0.001194s ]
INFO: [ view_parse ] --START--
INFO: [ template_filter ] --START--
INFO: Run Behavior\ContentReplace [ RunTime:0.000217s ]
INFO: [ template_filter ] --END-- [ RunTime:0.000381s ]
NOTIC: [8] Undefined index: child D:\wamp\www\zczc\Runtime\Cache\Home\c52340e81f4ce8b49451567a978c95e3.php 第 118 行.
NOTIC: [8] Undefined index: child D:\wamp\www\zczc\Runtime\Cache\Home\c52340e81f4ce8b49451567a978c95e3.php 第 118 行.
NOTIC: [8] Undefined variable: parent D:\wamp\www\zczc\Runtime\Cache\Home\c52340e81f4ce8b49451567a978c95e3.php 第 170 行.
INFO: Run Behavior\ParseTemplate [ RunTime:0.110453s ]
INFO: [ view_parse ] --END-- [ RunTime:0.110713s ]
INFO: [ view_filter ] --START--
INFO: Run Behavior\WriteHtmlCache [ RunTime:0.000985s ]
INFO: [ view_filter ] --END-- [ RunTime:0.001196s ]
INFO: [ app_end ] --START--
INFO: Run Behavior\ShowPageTrace [ RunTime:0.001164s ]
INFO: [ app_end ] --END-- [ RunTime:0.001394s ]

[ 2016-05-20T23:25:46+08:00 ] 127.0.0.1 /home/goods/category/cid/1
INFO: [ app_init ] --START--
INFO: Run Common\Behavior\InitHook [ RunTime:0.002202s ]
INFO: [ app_init ] --END-- [ RunTime:0.002735s ]
INFO: [ app_begin ] --START--
INFO: Run Behavior\ReadHtmlCache [ RunTime:0.000658s ]
INFO: [ app_begin ] --END-- [ RunTime:0.000830s ]
SQL: SHOW COLUMNS FROM `zc_config` [ RunTime:0.005096s ]
SQL: SELECT `type`,`name`,`value` FROM `zc_config` WHERE ( `status` = 1 )  [ RunTime:0.000525s ]
SQL: SHOW COLUMNS FROM `zc_menus` [ RunTime:0.006140s ]
SQL: SELECT * FROM `zc_menus` ORDER BY pid asc, menu_order asc  [ RunTime:0.000464s ]
SQL: SHOW COLUMNS FROM `zc_category` [ RunTime:0.005847s ]
SQL: SELECT `cat_name`,`cat_id`,`parent_id` FROM `zc_category` WHERE ( `cat_id` = 1 ) LIMIT 1   [ RunTime:0.000358s ]
SQL: SELECT `cat_id` FROM `zc_category` WHERE ( `parent_id` = 1 )  [ RunTime:0.000254s ]
SQL: SELECT * FROM `zc_category` LIMIT 4   [ RunTime:0.000266s ]
SQL: SHOW COLUMNS FROM `zc_brand` [ RunTime:0.004916s ]
SQL: SELECT * FROM `zc_brand` LIMIT 6   [ RunTime:0.000321s ]
SQL: SHOW COLUMNS FROM `zc_goods` [ RunTime:0.005472s ]
SQL: SELECT * FROM `zc_goods` ORDER BY add_time desc LIMIT 3   [ RunTime:0.001319s ]
SQL: SELECT COUNT(*) AS tp_count FROM `zc_goods` WHERE ( `cat_id` IN ('16','18','32','33','1') ) LIMIT 1   [ RunTime:0.000376s ]
SQL: SELECT `goods_id`,`cat_id`,`goods_name`,`click_count`,`brand_id`,`provider_name`,`goods_number`,`goods_weight`,`shop_price`,`promote_price`,`promote_start_date`,`promote_end_date`,`keywords`,`goods_brief`,`goods_desc`,`goods_thumb`,`goods_img`,`original_img`,`is_real`,`extension_code`,`is_on_sale`,`is_alone_sale`,`is_shipping`,`integral`,`add_time`,`sort_order`,`is_delete`,`is_best`,`is_new`,`is_hot`,`is_promote`,`bonus_type_id`,`last_update`,`goods_type`,`seller_note`,`give_integral`,`rank_integral`,`suppliers_id`,`is_check`,`goods_info` FROM `zc_goods` WHERE ( `cat_id` IN ('16','18','32','33','1') ) ORDER BY add_time desc LIMIT 0,9   [ RunTime:0.000893s ]
INFO: [ view_parse ] --START--
INFO: [ template_filter ] --START--
INFO: Run Behavior\ContentReplace [ RunTime:0.000201s ]
INFO: [ template_filter ] --END-- [ RunTime:0.000353s ]
NOTIC: [8] Undefined index: child D:\wamp\www\zczc\Runtime\Cache\Home\c52340e81f4ce8b49451567a978c95e3.php 第 118 行.
NOTIC: [8] Undefined index: child D:\wamp\www\zczc\Runtime\Cache\Home\c52340e81f4ce8b49451567a978c95e3.php 第 118 行.
NOTIC: [8] Undefined variable: parent D:\wamp\www\zczc\Runtime\Cache\Home\c52340e81f4ce8b49451567a978c95e3.php 第 170 行.
INFO: Run Behavior\ParseTemplate [ RunTime:0.031255s ]
INFO: [ view_parse ] --END-- [ RunTime:0.031404s ]
INFO: [ view_filter ] --START--
INFO: Run Behavior\WriteHtmlCache [ RunTime:0.000382s ]
INFO: [ view_filter ] --END-- [ RunTime:0.000515s ]
INFO: [ app_end ] --START--
INFO: Run Behavior\ShowPageTrace [ RunTime:0.000580s ]
INFO: [ app_end ] --END-- [ RunTime:0.000725s ]

[ 2016-05-20T23:25:46+08:00 ] 127.0.0.1 /home/goods/category/cid/[
INFO: [ app_init ] --START--
INFO: Run Common\Behavior\InitHook [ RunTime:0.004508s ]
INFO: [ app_init ] --END-- [ RunTime:0.005458s ]
INFO: [ app_begin ] --START--
INFO: Run Behavior\ReadHtmlCache [ RunTime:0.001118s ]
INFO: [ app_begin ] --END-- [ RunTime:0.001394s ]
SQL: SHOW COLUMNS FROM `zc_config` [ RunTime:0.007591s ]
SQL: SELECT `type`,`name`,`value` FROM `zc_config` WHERE ( `status` = 1 )  [ RunTime:0.001320s ]
SQL: SHOW COLUMNS FROM `zc_menus` [ RunTime:0.005620s ]
SQL: SELECT * FROM `zc_menus` ORDER BY pid asc, menu_order asc  [ RunTime:0.000491s ]
SQL: SHOW COLUMNS FROM `zc_category` [ RunTime:0.008233s ]
SQL: SELECT `cat_name`,`cat_id`,`parent_id` FROM `zc_category` WHERE ( `cat_id` = 0 ) LIMIT 1   [ RunTime:0.000412s ]
SQL: SELECT `cat_id` FROM `zc_category` WHERE ( `parent_id` = 0 )  [ RunTime:0.000271s ]
SQL: SELECT * FROM `zc_category` LIMIT 4   [ RunTime:0.000286s ]
SQL: SHOW COLUMNS FROM `zc_brand` [ RunTime:0.004867s ]
SQL: SELECT * FROM `zc_brand` LIMIT 6   [ RunTime:0.000392s ]
SQL: SHOW COLUMNS FROM `zc_goods` [ RunTime:0.010432s ]
SQL: SELECT * FROM `zc_goods` ORDER BY add_time desc LIMIT 3   [ RunTime:0.000691s ]
SQL: SELECT COUNT(*) AS tp_count FROM `zc_goods` WHERE ( `cat_id` IN ('1','25','23','21','19','17','34','[') ) LIMIT 1   [ RunTime:0.000393s ]
SQL: SELECT `goods_id`,`cat_id`,`goods_name`,`click_count`,`brand_id`,`provider_name`,`goods_number`,`goods_weight`,`shop_price`,`promote_price`,`promote_start_date`,`promote_end_date`,`keywords`,`goods_brief`,`goods_desc`,`goods_thumb`,`goods_img`,`original_img`,`is_real`,`extension_code`,`is_on_sale`,`is_alone_sale`,`is_shipping`,`integral`,`add_time`,`sort_order`,`is_delete`,`is_best`,`is_new`,`is_hot`,`is_promote`,`bonus_type_id`,`last_update`,`goods_type`,`seller_note`,`give_integral`,`rank_integral`,`suppliers_id`,`is_check`,`goods_info` FROM `zc_goods` WHERE ( `cat_id` IN ('1','25','23','21','19','17','34','[') ) ORDER BY add_time desc LIMIT 0,9   [ RunTime:0.001335s ]
INFO: [ view_parse ] --START--
INFO: [ template_filter ] --START--
INFO: Run Behavior\ContentReplace [ RunTime:0.000252s ]
INFO: [ template_filter ] --END-- [ RunTime:0.000419s ]
NOTIC: [8] Undefined index: child D:\wamp\www\zczc\Runtime\Cache\Home\c52340e81f4ce8b49451567a978c95e3.php 第 118 行.
NOTIC: [8] Undefined index: child D:\wamp\www\zczc\Runtime\Cache\Home\c52340e81f4ce8b49451567a978c95e3.php 第 118 行.
NOTIC: [8] Undefined variable: parent D:\wamp\www\zczc\Runtime\Cache\Home\c52340e81f4ce8b49451567a978c95e3.php 第 170 行.
INFO: Run Behavior\ParseTemplate [ RunTime:0.049187s ]
INFO: [ view_parse ] --END-- [ RunTime:0.049465s ]
INFO: [ view_filter ] --START--
INFO: Run Behavior\WriteHtmlCache [ RunTime:0.001219s ]
INFO: [ view_filter ] --END-- [ RunTime:0.001505s ]
INFO: [ app_end ] --START--
INFO: Run Behavior\ShowPageTrace [ RunTime:0.001392s ]
INFO: [ app_end ] --END-- [ RunTime:0.001645s ]

[ 2016-05-20T23:25:53+08:00 ] 127.0.0.1 /home/index/product/id/80.html
INFO: [ app_init ] --START--
INFO: Run Common\Behavior\InitHook [ RunTime:0.001849s ]
INFO: [ app_init ] --END-- [ RunTime:0.002514s ]
INFO: [ app_begin ] --START--
INFO: Run Behavior\ReadHtmlCache [ RunTime:0.000599s ]
INFO: [ app_begin ] --END-- [ RunTime:0.000753s ]
SQL: SHOW COLUMNS FROM `zc_config` [ RunTime:0.006743s ]
SQL: SELECT `type`,`name`,`value` FROM `zc_config` WHERE ( `status` = 1 )  [ RunTime:0.001034s ]
SQL: SHOW COLUMNS FROM `zc_menus` [ RunTime:0.005996s ]
SQL: SELECT * FROM `zc_menus` ORDER BY pid asc, menu_order asc  [ RunTime:0.000495s ]
SQL: SHOW COLUMNS FROM `zc_goods` [ RunTime:0.008131s ]
SQL: SELECT * FROM `zc_goods` INNER JOIN zc_category on zc_goods.cat_id = zc_category.cat_id  WHERE ( `goods_id` = '80' ) LIMIT 1   [ RunTime:0.065544s ]
SQL: SELECT * FROM `zc_goods` WHERE ( `cat_id` = 1 ) AND ( `goods_id` NOT IN ('80') ) ORDER BY add_time desc LIMIT 3   [ RunTime:0.000947s ]
SQL: SHOW COLUMNS FROM `zc_category` [ RunTime:0.004736s ]
SQL: SELECT * FROM `zc_category` LIMIT 4   [ RunTime:0.000287s ]
SQL: SHOW COLUMNS FROM `zc_brand` [ RunTime:0.004852s ]
SQL: SELECT * FROM `zc_brand` LIMIT 16   [ RunTime:0.000322s ]
SQL: SELECT * FROM `zc_goods` ORDER BY add_time desc LIMIT 3   [ RunTime:0.000500s ]
SQL: SHOW COLUMNS FROM `zc_comment` [ RunTime:0.045934s ]
SQL: SELECT * FROM `zc_comment` INNER JOIN zc_users on zc_comment.user_id = zc_users.user_id  WHERE ( zc_comment.goods_id = '80' )  [ RunTime:0.042008s ]
ERR: 1054:Unknown column 'zc_comment.goods_id' in 'where clause'
 [ SQL语句 ] : SELECT * FROM `zc_comment` INNER JOIN zc_users on zc_comment.user_id = zc_users.user_id  WHERE ( zc_comment.goods_id = '80' ) 
SQL: SELECT * FROM `zc_goods` WHERE ( is_promote = 1 ) ORDER BY add_time desc LIMIT 1   [ RunTime:0.000835s ]
SQL: SHOW COLUMNS FROM `zc_goods_attr` [ RunTime:0.023573s ]
SQL: SELECT * FROM `zc_goods_attr` INNER JOIN zc_goods_attribute on zc_goods_attr.attr_id = zc_goods_attribute.attr_id  WHERE ( `goods_id` = '80' ) AND ( `attr_input_type` = 1 )  [ RunTime:0.009297s ]
SQL: SELECT zc_goods_attribute.attr_id,zc_goods_attribute.attr_name,zc_goods_attr.attr_value,`attr_price` FROM `zc_goods_attr` INNER JOIN zc_goods_attribute on zc_goods_attr.attr_id = zc_goods_attribute.attr_id  WHERE ( `goods_id` = '80' ) AND ( `attr_input_type` = 1 )  [ RunTime:0.000352s ]
NOTIC: [2] Invalid argument supplied for foreach() D:\wamp\www\zczc\Application\Home\Controller\IndexController.class.php 第 89 行.
INFO: [ view_parse ] --START--
INFO: [ template_filter ] --START--
INFO: Run Behavior\ContentReplace [ RunTime:0.000248s ]
INFO: [ template_filter ] --END-- [ RunTime:0.000395s ]
NOTIC: [8] Undefined index: child D:\wamp\www\zczc\Runtime\Cache\Home\8fa6c01669e9c7ed382cb3ace992b16c.php 第 118 行.
NOTIC: [8] Undefined index: child D:\wamp\www\zczc\Runtime\Cache\Home\8fa6c01669e9c7ed382cb3ace992b16c.php 第 118 行.
INFO: Run Behavior\ParseTemplate [ RunTime:0.055717s ]
INFO: [ view_parse ] --END-- [ RunTime:0.055883s ]
INFO: [ view_filter ] --START--
INFO: Run Behavior\WriteHtmlCache [ RunTime:0.000376s ]
INFO: [ view_filter ] --END-- [ RunTime:0.000509s ]
INFO: [ app_end ] --START--
INFO: Run Behavior\ShowPageTrace [ RunTime:0.000553s ]
INFO: [ app_end ] --END-- [ RunTime:0.000678s ]

